Log file open, 05/08/18 21:08:50
LogWindows: Failed to load 'aqProf.dll' (GetLastError=126)
LogWindows: File 'aqProf.dll' does not exist
LogWindows: Failed to load 'VtuneApi.dll' (GetLastError=126)
LogWindows: File 'VtuneApi.dll' does not exist
LogWindows: Failed to load 'VtuneApi32e.dll' (GetLastError=126)
LogWindows: File 'VtuneApi32e.dll' does not exist
LogInit: Display: Running engine for game: OneDay
LogPlatformFile: Not using cached read wrapper
LogInit: Display: RandInit(1697004981) SRandInit(1697004981).
LogInit: Read version file with build ID '3944462'
LogInit: Overriding engine version to CL 4033788, compatible CL 3944462
LogInit: Registered custom module enumerator with build ID '3944462'
LogTaskGraph: Started task graph with 5 named threads and 14 total threads with 3 sets of task threads.
LogStats: Stats thread started at 0.219019
LogD3D11RHI: Aftermath initialized
LogICUInternationalization: Display: ICU TimeZone Detection - Raw Offset: +3:00, Platform Override: ''
LogModuleManager: Display: Found up-to-date module file ../../../Engine/Plugins/2D/Paper2D/Binaries/Win64/UE4Editor-Paper2D.dll (API version 3944462).
LogModuleManager: Display: Found up-to-date module file ../../../Engine/Plugins/2D/Paper2D/Binaries/Win64/UE4Editor-Paper2DEditor.dll (API version 3944462).
LogModuleManager: Display: Found up-to-date module file ../../../Engine/Plugins/2D/Paper2D/Binaries/Win64/UE4Editor-PaperSpriteSheetImporter.dll (API version 3944462).
LogModuleManager: Display: Found up-to-date module file ../../../Engine/Plugins/2D/Paper2D/Binaries/Win64/UE4Editor-PaperTiledImporter.dll (API version 3944462).
LogModuleManager: Display: Found up-to-date module file ../../../Engine/Plugins/2D/Paper2D/Binaries/Win64/UE4Editor-SmartSnapping.dll (API version 3944462).
LogModuleManager: Display: Found up-to-date module file ../../../Engine/Plugins/Blendables/LightPropagationVolume/Binaries/Win64/UE4Editor-LightPropagationVolumeRuntime.dll (API version 3944462).
LogModuleManager: Display: Found up-to-date module file ../../../Engine/Plugins/Blendables/LightPropagationVolume/Binaries/Win64/UE4Editor-LightPropagationVolumeEditor.dll (API version 3944462).
LogModuleManager: Display: Found up-to-date module file ../../../Engine/Plugins/Developer/CLionSourceCodeAccess/Binaries/Win64/UE4Editor-CLionSourceCodeAccess.dll (API version 3944462).
LogModuleManager: Display: Found up-to-date module file ../../../Engine/Plugins/Developer/GitSourceControl/Binaries/Win64/UE4Editor-GitSourceControl.dll (API version 3944462).
LogModuleManager: Display: Found up-to-date module file ../../../Engine/Plugins/Developer/PerforceSourceControl/Binaries/Win64/UE4Editor-PerforceSourceControl.dll (API version 3944462).
LogModuleManager: Display: Found up-to-date module file ../../../Engine/Plugins/Developer/SubversionSourceControl/Binaries/Win64/UE4Editor-SubversionSourceControl.dll (API version 3944462).
LogModuleManager: Display: Found up-to-date module file ../../../Engine/Plugins/Developer/UObjectPlugin/Binaries/Win64/UE4Editor-UObjectPlugin.dll (API version 3944462).
LogModuleManager: Display: Found up-to-date module file ../../../Engine/Plugins/Developer/VisualStudioCodeSourceCodeAccess/Binaries/Win64/UE4Editor-VisualStudioCodeSourceCodeAccess.dll (API version 3944462).
LogModuleManager: Display: Found up-to-date module file ../../../Engine/Plugins/Developer/VisualStudioSourceCodeAccess/Binaries/Win64/UE4Editor-VisualStudioSourceCodeAccess.dll (API version 3944462).
LogModuleManager: Display: Found up-to-date module file ../../../Engine/Plugins/Editor/AssetManagerEditor/Binaries/Win64/UE4Editor-AssetManagerEditor.dll (API version 3944462).
LogModuleManager: Display: Found up-to-date module file ../../../Engine/Plugins/Editor/CryptoKeys/Binaries/Win64/UE4Editor-CryptoKeys.dll (API version 3944462).
LogModuleManager: Display: Found up-to-date module file ../../../Engine/Plugins/Editor/CryptoKeys/Binaries/Win64/UE4Editor-CryptoKeysOpenSSL.dll (API version 3944462).
LogModuleManager: Display: Found up-to-date module file ../../../Engine/Plugins/Editor/DataValidation/Binaries/Win64/UE4Editor-DataValidation.dll (API version 3944462).
LogModuleManager: Display: Found up-to-date module file ../../../Engine/Plugins/Editor/FacialAnimation/Binaries/Win64/UE4Editor-FacialAnimation.dll (API version 3944462).
LogModuleManager: Display: Found up-to-date module file ../../../Engine/Plugins/Editor/FacialAnimation/Binaries/Win64/UE4Editor-FacialAnimationEditor.dll (API version 3944462).
LogModuleManager: Display: Found up-to-date module file ../../../Engine/Plugins/Editor/GameplayTagsEditor/Binaries/Win64/UE4Editor-GameplayTagsEditor.dll (API version 3944462).
LogModuleManager: Display: Found up-to-date module file ../../../Engine/Plugins/Editor/MobileLauncherProfileWizard/Binaries/Win64/UE4Editor-MobileLauncherProfileWizard.dll (API version 3944462).
LogModuleManager: Display: Found up-to-date module file ../../../Engine/Plugins/Editor/PluginBrowser/Binaries/Win64/UE4Editor-PluginBrowser.dll (API version 3944462).
LogModuleManager: Display: Found up-to-date module file ../../../Engine/Plugins/Editor/SpeedTreeImporter/Binaries/Win64/UE4Editor-SpeedTreeImporter.dll (API version 3944462).
LogModuleManager: Display: Found up-to-date module file ../../../Engine/Plugins/Enterprise/DatasmithContent/Binaries/Win64/UE4Editor-DatasmithContent.dll (API version 3944462).
LogModuleManager: Display: Found up-to-date module file ../../../Engine/Plugins/Experimental/AlembicImporter/Binaries/Win64/UE4Editor-AlembicImporter.dll (API version 3944462).
LogModuleManager: Display: Found up-to-date module file ../../../Engine/Plugins/Experimental/AlembicImporter/Binaries/Win64/UE4Editor-AlembicLibrary.dll (API version 3944462).
LogModuleManager: Display: Found up-to-date module file ../../../Engine/Plugins/Experimental/CharacterAI/Binaries/Win64/UE4Editor-CharacterAI.dll (API version 3944462).
LogModuleManager: Display: Found up-to-date module file ../../../Engine/Plugins/Experimental/HTML5Networking/Binaries/Win64/UE4Editor-HTML5Networking.dll (API version 3944462).
LogModuleManager: Display: Found up-to-date module file ../../../Engine/Plugins/Media/AndroidMedia/Binaries/Win64/UE4Editor-AndroidMediaEditor.dll (API version 3944462).
LogModuleManager: Display: Found up-to-date module file ../../../Engine/Plugins/Media/AndroidMedia/Binaries/Win64/UE4Editor-AndroidMediaFactory.dll (API version 3944462).
LogModuleManager: Display: Found up-to-date module file ../../../Engine/Plugins/Media/AvfMedia/Binaries/Win64/UE4Editor-AvfMediaEditor.dll (API version 3944462).
LogModuleManager: Display: Found up-to-date module file ../../../Engine/Plugins/Media/AvfMedia/Binaries/Win64/UE4Editor-AvfMediaFactory.dll (API version 3944462).
LogModuleManager: Display: Found up-to-date module file ../../../Engine/Plugins/Media/AvfMedia/Binaries/Win64/UE4Editor-AvfMediaFactory.dll (API version 3944462).
LogModuleManager: Display: Found up-to-date module file ../../../Engine/Plugins/Media/ImgMedia/Binaries/Win64/UE4Editor-ImgMedia.dll (API version 3944462).
LogModuleManager: Display: Found up-to-date module file ../../../Engine/Plugins/Media/ImgMedia/Binaries/Win64/UE4Editor-ImgMediaEditor.dll (API version 3944462).
LogModuleManager: Display: Found up-to-date module file ../../../Engine/Plugins/Media/ImgMedia/Binaries/Win64/UE4Editor-ImgMediaFactory.dll (API version 3944462).
LogModuleManager: Display: Found up-to-date module file ../../../Engine/Plugins/Media/ImgMedia/Binaries/Win64/UE4Editor-ImgMediaFactory.dll (API version 3944462).
LogModuleManager: Display: Found up-to-date module file ../../../Engine/Plugins/Media/ImgMedia/Binaries/Win64/UE4Editor-OpenExrWrapper.dll (API version 3944462).
LogModuleManager: Display: Found up-to-date module file ../../../Engine/Plugins/Media/LinearTimecode/Binaries/Win64/UE4Editor-LinearTimecode.dll (API version 3944462).
LogModuleManager: Display: Found up-to-date module file ../../../Engine/Plugins/Media/MediaCompositing/Binaries/Win64/UE4Editor-MediaCompositing.dll (API version 3944462).
LogModuleManager: Display: Found up-to-date module file ../../../Engine/Plugins/Media/MediaCompositing/Binaries/Win64/UE4Editor-MediaCompositingEditor.dll (API version 3944462).
LogModuleManager: Display: Found up-to-date module file ../../../Engine/Plugins/Media/MediaPlayerEditor/Binaries/Win64/UE4Editor-MediaPlayerEditor.dll (API version 3944462).
LogModuleManager: Display: Found up-to-date module file ../../../Engine/Plugins/Media/WmfMedia/Binaries/Win64/UE4Editor-WmfMedia.dll (API version 3944462).
LogModuleManager: Display: Found up-to-date module file ../../../Engine/Plugins/Media/WmfMedia/Binaries/Win64/UE4Editor-WmfMediaEditor.dll (API version 3944462).
LogModuleManager: Display: Found up-to-date module file ../../../Engine/Plugins/Media/WmfMedia/Binaries/Win64/UE4Editor-WmfMediaFactory.dll (API version 3944462).
LogModuleManager: Display: Found up-to-date module file ../../../Engine/Plugins/Media/WmfMedia/Binaries/Win64/UE4Editor-WmfMediaFactory.dll (API version 3944462).
LogModuleManager: Display: Found up-to-date module file ../../../Engine/Plugins/Messaging/TcpMessaging/Binaries/Win64/UE4Editor-TcpMessaging.dll (API version 3944462).
LogModuleManager: Display: Found up-to-date module file ../../../Engine/Plugins/Messaging/UdpMessaging/Binaries/Win64/UE4Editor-UdpMessaging.dll (API version 3944462).
LogModuleManager: Display: Found up-to-date module file ../../../Engine/Plugins/MovieScene/ActorSequence/Binaries/Win64/UE4Editor-ActorSequence.dll (API version 3944462).
LogModuleManager: Display: Found up-to-date module file ../../../Engine/Plugins/MovieScene/LevelSequenceEditor/Binaries/Win64/UE4Editor-LevelSequenceEditor.dll (API version 3944462).
LogModuleManager: Display: Found up-to-date module file ../../../Engine/Plugins/MovieScene/MatineeToLevelSequence/Binaries/Win64/UE4Editor-MatineeToLevelSequence.dll (API version 3944462).
LogModuleManager: Display: Found up-to-date module file ../../../Engine/Plugins/NetcodeUnitTest/NetcodeUnitTest/Binaries/Win64/UE4Editor-NetcodeUnitTest.dll (API version 3944462).
LogModuleManager: Display: Found up-to-date module file ../../../Engine/Plugins/NetcodeUnitTest/NUTUnrealEngine4/Binaries/Win64/UE4Editor-NUTUnrealEngine4.dll (API version 3944462).
LogModuleManager: Display: Found up-to-date module file ../../../Engine/Plugins/Online/OnlineSubsystem/Binaries/Win64/UE4Editor-OnlineSubsystem.dll (API version 3944462).
LogModuleManager: Display: Found up-to-date module file ../../../Engine/Plugins/Runtime/AndroidPermission/Binaries/Win64/UE4Editor-AndroidPermission.dll (API version 3944462).
LogModuleManager: Display: Found up-to-date module file ../../../Engine/Plugins/Online/OnlineSubsystemNull/Binaries/Win64/UE4Editor-OnlineSubsystemNull.dll (API version 3944462).
LogModuleManager: Display: Found up-to-date module file ../../../Engine/Plugins/Online/OnlineSubsystemUtils/Binaries/Win64/UE4Editor-OnlineSubsystemUtils.dll (API version 3944462).
LogModuleManager: Display: Found up-to-date module file ../../../Engine/Plugins/Online/OnlineSubsystemUtils/Binaries/Win64/UE4Editor-OnlineBlueprintSupport.dll (API version 3944462).
LogModuleManager: Display: Found up-to-date module file ../../../Engine/Plugins/Runtime/AndroidDeviceProfileSelector/Binaries/Win64/UE4Editor-AndroidDeviceProfileSelector.dll (API version 3944462).
LogModuleManager: Display: Found up-to-date module file ../../../Engine/Plugins/Runtime/AppleARKit/Binaries/Win64/UE4Editor-AppleARKit.dll (API version 3944462).
LogModuleManager: Display: Found up-to-date module file ../../../Engine/Plugins/Runtime/ProceduralMeshComponent/Binaries/Win64/UE4Editor-ProceduralMeshComponent.dll (API version 3944462).
LogModuleManager: Display: Found up-to-date module file ../../../Engine/Plugins/Runtime/ProceduralMeshComponent/Binaries/Win64/UE4Editor-ProceduralMeshComponentEditor.dll (API version 3944462).
LogModuleManager: Display: Found up-to-date module file ../../../Engine/Plugins/Animation/LiveLink/Binaries/Win64/UE4Editor-LiveLink.dll (API version 3944462).
LogModuleManager: Display: Found up-to-date module file ../../../Engine/Plugins/Animation/LiveLink/Binaries/Win64/UE4Editor-LiveLinkEditor.dll (API version 3944462).
LogModuleManager: Display: Found up-to-date module file ../../../Engine/Plugins/Runtime/ArchVisCharacter/Binaries/Win64/UE4Editor-ArchVisCharacter.dll (API version 3944462).
LogModuleManager: Display: Found up-to-date module file ../../../Engine/Plugins/Runtime/AudioCapture/Binaries/Win64/UE4Editor-AudioCapture.dll (API version 3944462).
LogModuleManager: Display: Found up-to-date module file ../../../Engine/Plugins/Runtime/AudioCapture/Binaries/Win64/UE4Editor-AudioCaptureEditor.dll (API version 3944462).
LogModuleManager: Display: Found up-to-date module file ../../../Engine/Plugins/Runtime/CableComponent/Binaries/Win64/UE4Editor-CableComponent.dll (API version 3944462).
LogModuleManager: Display: Found up-to-date module file ../../../Engine/Plugins/Runtime/CustomMeshComponent/Binaries/Win64/UE4Editor-CustomMeshComponent.dll (API version 3944462).
LogModuleManager: Display: Found up-to-date module file ../../../Engine/Plugins/Runtime/ExampleDeviceProfileSelector/Binaries/Win64/UE4Editor-ExampleDeviceProfileSelector.dll (API version 3944462).
LogModuleManager: Display: Found up-to-date module file ../../../Engine/Plugins/Runtime/ImmediatePhysics/Binaries/Win64/UE4Editor-ImmediatePhysics.dll (API version 3944462).
LogModuleManager: Display: Found up-to-date module file ../../../Engine/Plugins/Runtime/ImmediatePhysics/Binaries/Win64/UE4Editor-ImmediatePhysicsEditor.dll (API version 3944462).
LogModuleManager: Display: Found up-to-date module file ../../../Engine/Plugins/Runtime/LocationServicesBPLibrary/Binaries/Win64/UE4Editor-LocationServicesBPLibrary.dll (API version 3944462).
LogModuleManager: Display: Found up-to-date module file ../../../Engine/Plugins/Runtime/MobilePatchingUtils/Binaries/Win64/UE4Editor-MobilePatchingUtils.dll (API version 3944462).
LogModuleManager: Display: Found up-to-date module file ../../../Engine/Plugins/Runtime/Oculus/OculusVR/Binaries/Win64/UE4Editor-OculusHMD.dll (API version 3944462).
LogModuleManager: Display: Found up-to-date module file ../../../Engine/Plugins/Runtime/Oculus/OculusVR/Binaries/Win64/UE4Editor-OculusInput.dll (API version 3944462).
LogModuleManager: Display: Found up-to-date module file ../../../Engine/Plugins/Runtime/Oculus/OculusVR/Binaries/Win64/UE4Editor-OculusEditor.dll (API version 3944462).
LogModuleManager: Display: Found up-to-date module file ../../../Engine/Plugins/Runtime/PhysXVehicles/Binaries/Win64/UE4Editor-PhysXVehicles.dll (API version 3944462).
LogModuleManager: Display: Found up-to-date module file ../../../Engine/Plugins/Runtime/PhysXVehicles/Binaries/Win64/UE4Editor-PhysXVehiclesEditor.dll (API version 3944462).
LogModuleManager: Display: Found up-to-date module file ../../../Engine/Plugins/Runtime/RuntimePhysXCooking/Binaries/Win64/UE4Editor-RuntimePhysXCooking.dll (API version 3944462).
LogModuleManager: Display: Found up-to-date module file ../../../Engine/Plugins/Runtime/Steam/SteamVR/Binaries/Win64/UE4Editor-SteamVR.dll (API version 3944462).
LogModuleManager: Display: Found up-to-date module file ../../../Engine/Plugins/Runtime/Steam/SteamVR/Binaries/Win64/UE4Editor-SteamVRController.dll (API version 3944462).
LogModuleManager: Display: Found up-to-date module file ../../../Engine/Plugins/Runtime/WindowsMoviePlayer/Binaries/Win64/UE4Editor-WindowsMoviePlayer.dll (API version 3944462).
LogPluginManager: Mounting plugin Paper2D
LogPluginManager: Mounting plugin LiveLink
LogPluginManager: Mounting plugin LightPropagationVolume
LogPluginManager: Mounting plugin CLionSourceCodeAccess
LogPluginManager: Mounting plugin CodeLiteSourceCodeAccess
LogPluginManager: Mounting plugin GitSourceControl
LogPluginManager: Mounting plugin KDevelopSourceCodeAccess
LogPluginManager: Mounting plugin NullSourceCodeAccess
LogPluginManager: Mounting plugin PerforceSourceControl
LogPluginManager: Mounting plugin SubversionSourceControl
LogPluginManager: Mounting plugin UObjectPlugin
LogPluginManager: Mounting plugin VisualStudioCodeSourceCodeAccess
LogPluginManager: Mounting plugin VisualStudioSourceCodeAccess
LogPluginManager: Mounting plugin XCodeSourceCodeAccess
LogPluginManager: Mounting plugin AssetManagerEditor
LogPluginManager: Mounting plugin CryptoKeys
LogPluginManager: Mounting plugin DataValidation
LogPluginManager: Mounting plugin FacialAnimation
LogPluginManager: Mounting plugin GameplayTagsEditor
LogPluginManager: Mounting plugin MobileLauncherProfileWizard
LogPluginManager: Mounting plugin PluginBrowser
LogPluginManager: Mounting plugin SpeedTreeImporter
LogPluginManager: Mounting plugin DatasmithContent
LogPluginManager: Mounting plugin AlembicImporter
LogPluginManager: Mounting plugin CharacterAI
LogPluginManager: Mounting plugin HTML5Networking
LogPluginManager: Mounting plugin AndroidMedia
LogPluginManager: Mounting plugin AvfMedia
LogPluginManager: Mounting plugin ImgMedia
LogPluginManager: Mounting plugin LinearTimecode
LogPluginManager: Mounting plugin MediaCompositing
LogPluginManager: Mounting plugin MediaPlayerEditor
LogPluginManager: Mounting plugin WmfMedia
LogPluginManager: Mounting plugin TcpMessaging
LogPluginManager: Mounting plugin UdpMessaging
LogPluginManager: Mounting plugin ActorSequence
LogPluginManager: Mounting plugin LevelSequenceEditor
LogPluginManager: Mounting plugin MatineeToLevelSequence
LogPluginManager: Mounting plugin NetcodeUnitTest
LogPluginManager: Mounting plugin NUTUnrealEngine4
LogPluginManager: Mounting plugin OnlineSubsystemGooglePlay
LogPluginManager: Mounting plugin OnlineSubsystemIOS
LogPluginManager: Mounting plugin OnlineSubsystem
LogPluginManager: Mounting plugin OnlineSubsystemNull
LogPluginManager: Mounting plugin OnlineSubsystemUtils
LogPluginManager: Mounting plugin AndroidDeviceProfileSelector
LogPluginManager: Mounting plugin AndroidMoviePlayer
LogPluginManager: Mounting plugin AndroidPermission
LogPluginManager: Mounting plugin AppleARKit
LogPluginManager: Mounting plugin AppleMoviePlayer
LogPluginManager: Mounting plugin ArchVisCharacter
LogPluginManager: Mounting plugin AudioCapture
LogPluginManager: Mounting plugin CableComponent
LogPluginManager: Mounting plugin CustomMeshComponent
LogPluginManager: Mounting plugin ExampleDeviceProfileSelector
LogPluginManager: Mounting plugin GoogleCloudMessaging
LogPluginManager: Mounting plugin ImmediatePhysics
LogPluginManager: Mounting plugin IOSDeviceProfileSelector
LogPluginManager: Mounting plugin LinuxDeviceProfileSelector
LogPluginManager: Mounting plugin LocationServicesBPLibrary
LogPluginManager: Mounting plugin MobilePatchingUtils
LogPluginManager: Mounting plugin OculusVR
LogPluginManager: Plugin shader directory ../../../Engine/Plugins/Runtime/Oculus/OculusVR/Shaders found
LogPluginManager: Mapping shader source directory ../../../Engine/Plugins/Runtime/Oculus/OculusVR/Shaders to virtual directory /Plugin/OculusVR
LogPluginManager: Mounting plugin PhysXVehicles
LogPluginManager: Mounting plugin ProceduralMeshComponent
LogPluginManager: Mounting plugin RuntimePhysXCooking
LogPluginManager: Mounting plugin SteamVR
LogPluginManager: Mounting plugin WindowsMoviePlayer
LogStreaming: Display: Took  1.763s to configure plugins.
LogInit: Using libcurl 7.47.1
LogInit:  - built for x86_64-pc-win32
LogInit:  - supports SSL with OpenSSL/1.0.2g
LogInit:  - supports HTTP deflate (compression) using libz 1.2.8
LogInit:  - other features:
LogInit:      CURL_VERSION_SSL
LogInit:      CURL_VERSION_LIBZ
LogInit:      CURL_VERSION_IPV6
LogInit:      CURL_VERSION_ASYNCHDNS
LogInit:      CURL_VERSION_LARGEFILE
LogInit:      CURL_VERSION_IDN
LogInit:  CurlRequestOptions (configurable via config and command line):
LogInit:  - bVerifyPeer = false  - Libcurl will NOT verify peer certificate
LogInit:  - bUseHttpProxy = false  - Libcurl will NOT use HTTP proxy
LogInit:  - bDontReuseConnections = false  - Libcurl will reuse connections
LogInit:  - CertBundlePath = nullptr  - Libcurl will use whatever was configured at build time.
LogInit:  - MaxHostConnections = 16  - Libcurl will limit the number of connections to a host
LogInit:  - LocalHostAddr = Default
LogInit: WinSock: version 1.1 (2.2), MaxSocks=32767, MaxUdp=65467
LogInit: WinSock: I am Max-?? (0.0.0.0:0)
LogInit: Build: ++UE4+Release-4.19-CL-4033788
LogInit: Engine Version: 4.19.2-4033788+++UE4+Release-4.19
LogInit: Compatible Engine Version: 4.19.0-3944462+++UE4+Release-4.19
LogInit: Net CL: 3944462
LogDevObjectVersion: Number of dev versions registered: 18
LogDevObjectVersion:   Dev-Blueprints (B0D832E4-1F89-4F0D-ACCF-7EB736FD4AA2): 10
LogDevObjectVersion:   Dev-Build (E1C64328-A22C-4D53-A36C-8E866417BD8C): 0
LogDevObjectVersion:   Dev-Core (375EC13C-06E4-48FB-B500-84F0262A717E): 2
LogDevObjectVersion:   Dev-Editor (E4B068ED-F494-42E9-A231-DA0B2E46BB41): 23
LogDevObjectVersion:   Dev-Framework (CFFC743F-43B0-4480-9391-14DF171D2073): 33
LogDevObjectVersion:   Dev-Mobile (B02B49B5-BB20-44E9-A304-32B752E40360): 2
LogDevObjectVersion:   Dev-Networking (A4E4105C-59A1-49B5-A7C5-40C4547EDFEE): 0
LogDevObjectVersion:   Dev-Online (39C831C9-5AE6-47DC-9A44-9C173E1C8E7C): 0
LogDevObjectVersion:   Dev-Physics (78F01B33-EBEA-4F98-B9B4-84EACCB95AA2): 0
LogDevObjectVersion:   Dev-Platform (6631380F-2D4D-43E0-8009-CF276956A95A): 0
LogDevObjectVersion:   Dev-Rendering (12F88B9F-8875-4AFC-A67C-D90C383ABD29): 25
LogDevObjectVersion:   Dev-Sequencer (7B5AE74C-D270-4C10-A958-57980B212A5A): 6
LogDevObjectVersion:   Dev-VR (D7296918-1DD6-4BDD-9DE2-64A83CC13884): 1
LogDevObjectVersion:   Dev-LoadTimes (C2A15278-BFE7-4AFE-6C17-90FF531DF755): 1
LogDevObjectVersion:   Private-Geometry (6EACA3D4-40EC-4CC1-B786-8BED09428FC5): 2
LogDevObjectVersion:   Dev-AnimPhys (29E575DD-E0A3-4627-9D10-D276232CDCEA): 16
LogDevObjectVersion:   Dev-ReflectionCapture (6B266CEC-1EC7-4B8F-A30B-E4D90942FC07): 1
LogDevObjectVersion:   Dev-Automation (0DF73D61-A23F-47EA-B727-89E90C41499A): 1
LogInit: Compiled (64-bit): Apr 27 2018 02:06:57
LogInit: Compiled with Visual C++: 19.00.24215.01
LogInit: Build Configuration: Development
LogInit: Branch Name: ++UE4+Release-4.19
LogInit: Command Line:  
LogInit: Base Directory: C:/Program Files/Epic Games/UE_4.19/Engine/Binaries/Win64/
LogInit: Installed Engine Build: 1
LogStreaming: Display: Took  0.000s to delete old logs.
LogInit: Presizing for max 8388607 objects, including 0 objects not considered by GC, pre-allocating 0 bytes for permanent pool.
LogInit: Object subsystem initialized
[2018.05.08-18.08.52:681][  0]LogInit: Selected Device Profile: [Windows]
[2018.05.08-18.08.52:681][  0]LogInit: Applying CVar settings loaded from the selected device profile: [Windows]
[2018.05.08-18.08.52:728][  0]LogInit: Computer: MAX-ПК
[2018.05.08-18.08.52:728][  0]LogInit: User: Max
[2018.05.08-18.08.52:728][  0]LogInit: CPU Page size=4096, Cores=4
[2018.05.08-18.08.52:728][  0]LogInit: High frequency timer resolution =2.923043 MHz
[2018.05.08-18.08.52:728][  0]LogMemory: Memory total: Physical=7.9GB (8GB approx)
[2018.05.08-18.08.52:728][  0]LogMemory: Platform Memory Stats for Windows
[2018.05.08-18.08.52:728][  0]LogMemory: Process Physical Memory: 274.93 MB used, 274.93 MB peak
[2018.05.08-18.08.52:728][  0]LogMemory: Process Virtual Memory: 270.18 MB used, 270.18 MB peak
[2018.05.08-18.08.52:728][  0]LogMemory: Physical Memory: 4775.86 MB used,  3297.16 MB free, 8073.02 MB total
[2018.05.08-18.08.52:728][  0]LogMemory: Virtual Memory: 692.19 MB used,  3297.16 MB free, 134217728.00 MB total
[2018.05.08-18.08.52:749][  0]LogInit: Using OS detected language (ru-RU).
[2018.05.08-18.08.52:749][  0]LogInit: Using OS detected locale (ru-RU).
[2018.05.08-18.08.52:914][  0]LogTextLocalizationManager: No localization for 'ru-RU' exists, so 'en' will be used for the language.
[2018.05.08-18.08.53:640][  0]LogStreaming: Display: Took  0.892s to EndInitTextLocalization.
[2018.05.08-18.08.53:640][  0]LogInit: Setting process to per monitor DPI aware
[2018.05.08-18.08.53:801][  0]LogSlate: New Slate User Created.  User Index 0, Is Virtual User: 0
[2018.05.08-18.08.53:802][  0]LogSlate: Slate User Registered.  User Index 0, Is Virtual User: 0
[2018.05.08-18.08.59:774][  0]LogD3D11RHI: D3D11 adapters:
[2018.05.08-18.08.59:862][  0]LogD3D11RHI:    0. 'NVIDIA GeForce GTX 960' (Feature Level 11_0)
[2018.05.08-18.08.59:862][  0]LogD3D11RHI:       2007/0/4036 MB DedicatedVideo/DedicatedSystem/SharedSystem, Outputs:1, VendorId:0x10de
[2018.05.08-18.08.59:871][  0]LogD3D11RHI:    1. 'Intel(R) HD Graphics' (Feature Level 11_0)
[2018.05.08-18.08.59:871][  0]LogD3D11RHI:       32/0/1760 MB DedicatedVideo/DedicatedSystem/SharedSystem, Outputs:0, VendorId:0x8086
[2018.05.08-18.08.59:873][  0]LogD3D11RHI:    2. 'Microsoft Basic Render Driver' (Feature Level 11_0)
[2018.05.08-18.08.59:873][  0]LogD3D11RHI:       0/0/4036 MB DedicatedVideo/DedicatedSystem/SharedSystem, Outputs:0, VendorId:0x1414
[2018.05.08-18.08.59:873][  0]LogD3D11RHI: Chosen D3D11 Adapter: 0
[2018.05.08-18.08.59:881][  0]LogD3D11RHI: Creating new Direct3DDevice
[2018.05.08-18.08.59:881][  0]LogD3D11RHI:     GPU DeviceId: 0x1401 (for the marketing name, search the web for "GPU Device Id")
[2018.05.08-18.08.59:881][  0]LogWindows: EnumDisplayDevices:
[2018.05.08-18.08.59:881][  0]LogWindows:    0. 'NVIDIA GeForce GTX 960' (P:1 D:1)
[2018.05.08-18.08.59:882][  0]LogWindows:    1. 'NVIDIA GeForce GTX 960' (P:0 D:0)
[2018.05.08-18.08.59:882][  0]LogWindows:    2. 'NVIDIA GeForce GTX 960' (P:0 D:0)
[2018.05.08-18.08.59:882][  0]LogWindows:    3. 'NVIDIA GeForce GTX 960' (P:0 D:0)
[2018.05.08-18.08.59:882][  0]LogWindows:    4. 'Intel(R) HD Graphics' (P:0 D:0)
[2018.05.08-18.08.59:882][  0]LogWindows:    5. 'Intel(R) HD Graphics' (P:0 D:0)
[2018.05.08-18.08.59:882][  0]LogWindows:    6. 'Intel(R) HD Graphics' (P:0 D:0)
[2018.05.08-18.08.59:882][  0]LogWindows: DebugString: GetVideoDriverDetailsInvalid PrimaryIsNotTheChoosenAdapter GetVideoDriverDetailsInvalid PrimaryIsNotTheChoosenAdapter GetVideoDriverDetailsInvalid PrimaryIsNotTheChoosenAdapter GetVideoDriverDetailsInvalid PrimaryIsNotTheChoosenAdapter GetVideoDriverDetailsInvalid PrimaryIsNotTheChoosenAdapter GetVideoDriverDetailsInvalid PrimaryIsNotTheChoosenAdapter GetVideoDriverDetailsInvalid PrimaryIsNotTheChoosenAdapter FoundDriverCount:0 
[2018.05.08-18.08.59:882][  0]LogD3D11RHI:     Adapter Name: NVIDIA GeForce GTX 960
[2018.05.08-18.08.59:882][  0]LogD3D11RHI:   Driver Version: Unknown (internal:Unknown, unified:Unknown)
[2018.05.08-18.08.59:882][  0]LogD3D11RHI:      Driver Date: Unknown
[2018.05.08-18.08.59:882][  0]LogRHI: Texture pool is 1405 MB (70% of 2007 MB)
[2018.05.08-18.08.59:941][  0]LogD3D11RHI: [Aftermath] Aftermath enabled and primed
[2018.05.08-18.08.59:941][  0]LogD3D11RHI: [Aftermath] Aftermath enabled and primed
[2018.05.08-18.08.59:941][  0]LogD3D11RHI: Async texture creation enabled
[2018.05.08-18.09.00:027][  0]LogD3D11RHI: GPU Timing Frequency: 1000.000000 (Debug: 2 2)
[2018.05.08-18.09.00:030][  0]LogShaderCompilers: Guid format shader working directory is -15 characters bigger than the processId version (../../../../../../Users/Max/Documents/GitHub/0neDay/OneDay/Intermediate/Shaders/WorkingDirectory/10216/).
[2018.05.08-18.09.00:031][  0]LogShaderCompilers: Cleaned the shader compiler working directory 'C:/Users/Max/AppData/Local/Temp/UnrealShaderWorkingDir/6D3E33794586B34038AEE8BCF15377DB/'.
[2018.05.08-18.09.00:444][  0]LogTemp: Display: Loaded TP AllDesktopTargetPlatform
[2018.05.08-18.09.00:461][  0]LogTemp: Display: Loaded TP MacClientTargetPlatform
[2018.05.08-18.09.00:484][  0]LogTemp: Display: Loaded TP MacNoEditorTargetPlatform
[2018.05.08-18.09.00:506][  0]LogTemp: Display: Loaded TP MacServerTargetPlatform
[2018.05.08-18.09.00:539][  0]LogTemp: Display: Loaded TP MacTargetPlatform
[2018.05.08-18.09.00:557][  0]LogTemp: Display: Loaded TP WindowsClientTargetPlatform
[2018.05.08-18.09.00:577][  0]LogTemp: Display: Loaded TP WindowsNoEditorTargetPlatform
[2018.05.08-18.09.00:595][  0]LogTemp: Display: Loaded TP WindowsServerTargetPlatform
[2018.05.08-18.09.00:608][  0]LogTemp: Display: Loaded TP WindowsTargetPlatform
[2018.05.08-18.09.00:623][  0]LogTemp: Display: Loaded TP Android_ASTCTargetPlatform
[2018.05.08-18.09.00:641][  0]LogTemp: Display: Loaded TP Android_ATCTargetPlatform
[2018.05.08-18.09.00:657][  0]LogTemp: Display: Loaded TP Android_DXTTargetPlatform
[2018.05.08-18.09.00:677][  0]LogTemp: Display: Loaded TP Android_ETC1aTargetPlatform
[2018.05.08-18.09.00:693][  0]LogTemp: Display: Loaded TP Android_ETC1TargetPlatform
[2018.05.08-18.09.00:714][  0]LogTemp: Display: Loaded TP Android_ETC2TargetPlatform
[2018.05.08-18.09.00:750][  0]LogTemp: Display: Loaded TP Android_MultiTargetPlatform
[2018.05.08-18.09.00:750][  0]LogTemp: Display: Loaded TP Android_PVRTCTargetPlatform
[2018.05.08-18.09.00:792][  0]LogTemp: Display: Loaded TP AndroidTargetPlatform
[2018.05.08-18.09.00:795][  0]LogTemp: Display: Loaded TP HTML5TargetPlatform
[2018.05.08-18.09.00:912][  0]LogTemp: Display: Loaded TP IOSTargetPlatform
[2018.05.08-18.09.00:931][  0]LogTemp: Display: Loaded TP TVOSTargetPlatform
[2018.05.08-18.09.00:950][  0]LogTemp: Display: Loaded TP LinuxClientTargetPlatform
[2018.05.08-18.09.00:970][  0]LogTemp: Display: Loaded TP LinuxNoEditorTargetPlatform
[2018.05.08-18.09.00:986][  0]LogTemp: Display: Loaded TP LinuxServerTargetPlatform
[2018.05.08-18.09.01:042][  0]LogTemp: Display: Loaded TP LinuxTargetPlatform
[2018.05.08-18.09.01:042][  0]LogTargetPlatformManager: Display: Building Assets For Windows
[2018.05.08-18.09.01:186][  0]LogXGEController: Cannot use XGE Controller as Incredibuild is not installed on this machine.
[2018.05.08-18.09.01:186][  0]LogShaderCompilers: Cannot use XGE Shader Compiler as Incredibuild is not installed on this machine.
[2018.05.08-18.09.01:186][  0]LogShaderCompilers: Display: Using Local Shader Compiler.
[2018.05.08-18.09.04:157][  0]LogDerivedDataCache: Display: Max Cache Size: 512 MB
[2018.05.08-18.09.04:708][  0]LogDerivedDataCache: Loaded boot cache 0.55s 74MB C:/Users/Max/AppData/Local/UnrealEngine/4.19/DerivedDataCache/Boot.ddc.
[2018.05.08-18.09.04:708][  0]LogDerivedDataCache: Display: Loaded Boot cache: C:/Users/Max/AppData/Local/UnrealEngine/4.19/DerivedDataCache/Boot.ddc
[2018.05.08-18.09.04:708][  0]LogDerivedDataCache: FDerivedDataBackendGraph:  Pak pak cache file ../../../../../../Users/Max/Documents/GitHub/0neDay/OneDay/DerivedDataCache/DDC.ddp not found, will not use a pak cache.
[2018.05.08-18.09.04:708][  0]LogDerivedDataCache: Unable to find inner node Pak for hierarchical cache Hierarchy.
[2018.05.08-18.09.04:708][  0]LogDerivedDataCache: FDerivedDataBackendGraph:  CompressedPak pak cache file ../../../../../../Users/Max/Documents/GitHub/0neDay/OneDay/DerivedDataCache/Compressed.ddp not found, will not use a pak cache.
[2018.05.08-18.09.04:708][  0]LogDerivedDataCache: Unable to find inner node CompressedPak for hierarchical cache Hierarchy.
[2018.05.08-18.09.04:729][  0]LogDerivedDataCache: Display: Pak cache opened for reading ../../../Engine/DerivedDataCache/Compressed.ddp.
[2018.05.08-18.09.04:741][  0]LogDerivedDataCache: Using Local data cache path C:/Users/Max/AppData/Local/UnrealEngine/Common/DerivedDataCache: Writable
[2018.05.08-18.09.04:741][  0]LogDerivedDataCache: Shared data cache path not found in *engine.ini, will not use an Shared cache.
[2018.05.08-18.09.04:741][  0]LogDerivedDataCache: Unable to find inner node Shared for hierarchical cache Hierarchy.
[2018.05.08-18.09.04:758][  0]LogMaterial: Verifying Global Shaders for PCD3D_SM5
[2018.05.08-18.09.04:759][  0]LogSlate: Using Freetype 2.6.0
[2018.05.08-18.09.04:796][  0]LogSlate: SlateFontCache - WITH_FREETYPE: 1, WITH_HARFBUZZ: 1
[2018.05.08-18.09.04:796][  0]LogSlate: SlateFontCache - WITH_FREETYPE: 1, WITH_HARFBUZZ: 1
[2018.05.08-18.09.06:684][  0]LogAssetRegistry: FAssetRegistry took 0.0291 seconds to start up
[2018.05.08-18.09.07:218][  0]LogInit: Selected Device Profile: [Windows]
[2018.05.08-18.09.07:527][  0]LogSimplygon: Simplygon DLL not present - disabling.
[2018.05.08-18.09.07:531][  0]LogMeshReduction: Using SimplygonSwarm for distributed automatic mesh merging
[2018.05.08-18.09.07:531][  0]LogMeshReduction: Using QuadricMeshReduction for automatic static mesh reduction
[2018.05.08-18.09.07:531][  0]LogMeshReduction: No automatic skeletal mesh reduction module available
[2018.05.08-18.09.07:531][  0]LogMeshReduction: No automatic mesh merging module available
[2018.05.08-18.09.07:531][  0]LogMeshMerging: No automatic mesh merging module available
[2018.05.08-18.09.07:583][  0]LogNetVersion: OneDay , NetCL: 3944462, EngineNetVer: 2, GameNetVer: 0 (Checksum: 2631859788)
[2018.05.08-18.09.08:208][  0]LogPackageLocalizationCache: Processed 9 localized package path(s) for 1 prioritized culture(s) in 0.078263 seconds
[2018.05.08-18.09.08:216][  0]LogUObjectArray: 36728 objects as part of root set at end of initial load.
[2018.05.08-18.09.08:216][  0]LogUObjectAllocator: 7314312 out of 0 bytes used by permanent object pool.
[2018.05.08-18.09.08:216][  0]LogUObjectArray: CloseDisregardForGC: 0/0 objects in disregard for GC pool
[2018.05.08-18.09.48:305][  0]LogTcpMessaging: Initializing TcpMessaging bridge
[2018.05.08-18.09.48:338][  0]LogUdpMessaging: Initializing bridge on interface 0.0.0.0:0 to multicast group 230.0.0.1:6666.
[2018.05.08-18.09.49:083][  0]SourceControl: Source control is disabled
[2018.05.08-18.09.49:083][  0]SourceControl: Source control is disabled
[2018.05.08-18.09.49:107][  0]SourceControl: Source control is disabled
[2018.05.08-18.09.49:130][  0]SourceControl: Source control is disabled
[2018.05.08-18.09.49:906][  0]LogAndroidPermission: UAndroidPermissionCallbackProxy::GetInstance
[2018.05.08-18.09.50:115][  0]LogOcInput: OculusInput pre-init called
[2018.05.08-18.09.50:296][  0]LogEngine: Initializing Engine...
[2018.05.08-18.09.50:298][  0]LogHMD: Failed to initialize OpenVR with code 110
[2018.05.08-18.09.50:333][  0]LogStats: UGameplayTagsManager::ConstructGameplayTagTree: Construct from data asset -  0.000 s
[2018.05.08-18.09.50:333][  0]LogStats: UGameplayTagsManager::ConstructGameplayTagTree: GameplayTagTreeChangedEvent.Broadcast -  0.000 s
[2018.05.08-18.09.50:787][  0]LogAIModule: Creating AISystem for world Untitled
[2018.05.08-18.09.50:798][  0]LogInit: XAudio2 using 'Динамики (Realtek High Definition Audio)' : 2 channels at 48 kHz using 16 bits per sample (channel mask 0x3)
[2018.05.08-18.09.50:862][  0]LogInit: FAudioDevice initialized.
[2018.05.08-18.09.51:987][  0]LogDerivedDataCache: Saved boot cache 1.12s 74MB C:/Users/Max/AppData/Local/UnrealEngine/4.19/DerivedDataCache/Boot.ddc.
[2018.05.08-18.09.52:009][  0]LogInit: Texture streaming: Enabled
[2018.05.08-18.09.52:028][  0]LogEngineSessionManager: EngineSessionManager initialized
[2018.05.08-18.09.52:051][  0]LogWindowsTextInputMethodSystem: Display: IME system now deactivated.
[2018.05.08-18.09.52:158][  0]LogInit: Transaction tracking system initialized
[2018.05.08-18.09.52:190][  0]BlueprintLog: New page: Editor Load
[2018.05.08-18.09.52:371][  0]LocalizationService: Localization service is disabled
[2018.05.08-18.09.52:780][  0]LogConsoleResponse: Display: 
[2018.05.08-18.09.53:007][  0]LogCook: Display: Max memory allowance for cook 16384mb min free memory 0mb
[2018.05.08-18.09.53:007][  0]LogCook: Display: Mobile HDR setting 1
[2018.05.08-18.09.53:007][  0]LogGameplayTags: Display: UGameplayTagsManager::DoneAddingNativeTags. DelegateIsBound: 0
[2018.05.08-18.09.53:007][  0]LogStats: UGameplayTagsManager::ConstructGameplayTagTree: Construct from data asset -  0.000 s
[2018.05.08-18.09.53:007][  0]LogStats: UGameplayTagsManager::ConstructGameplayTagTree: GameplayTagTreeChangedEvent.Broadcast -  0.000 s
[2018.05.08-18.09.53:200][  0]LogFileCache: Scanning file cache for directory 'C:/Users/Max/Documents/GitHub/0neDay/OneDay/Content/' took 0.02s
[2018.05.08-18.09.55:524][  0]SourceControl: Source control is disabled
[2018.05.08-18.09.55:524][  0]Cmd: MAP LOAD FILE="../../../../../../Users/Max/Documents/GitHub/0neDay/OneDay/Content/TopDownBP/Maps/TopDownExampleMap.umap" TEMPLATE=0 SHOWPROGRESS=1 FEATURELEVEL=3
[2018.05.08-18.09.55:530][  0]LightingResults: New page: Lighting Build
[2018.05.08-18.09.55:533][  0]MapCheck: New page: Map Check
[2018.05.08-18.09.55:533][  0]LightingResults: New page: Lighting Build
[2018.05.08-18.09.55:690][  0]LogUObjectGlobals: Created PersistentFrame Addr=0x0000019daac0a840, Size=64, Default__ThirdPerson_AnimBP_C Function /Game/Mannequin/Animations/ThirdPerson_AnimBP.ThirdPerson_AnimBP_C:ExecuteUbergraph_ThirdPerson_AnimBP
[2018.05.08-18.09.55:707][  0]LogUObjectGlobals: Destroyed PersistentFrame Addr=0x0000019daac0a840, Size=64
[2018.05.08-18.09.55:707][  0]LogUObjectGlobals: Created PersistentFrame Addr=0x0000019daac0a900, Size=64, Default__ThirdPerson_AnimBP_C Function /Engine/Transient.REINST_ThirdPerson_AnimBP_C_0:ExecuteUbergraph_ThirdPerson_AnimBP
[2018.05.08-18.09.55:722][  0]LogUObjectGlobals: Created PersistentFrame Addr=0x0000019db19d3f10, Size=72, Default__ThirdPerson_AnimBP_C Function /Game/Mannequin/Animations/ThirdPerson_AnimBP.ThirdPerson_AnimBP_C:ExecuteUbergraph_ThirdPerson_AnimBP
[2018.05.08-18.09.55:902][  0]LogUObjectGlobals: Created PersistentFrame Addr=0x0000019daad4b800, Size=984, Default__TopDownCharacter_C Function /Game/TopDownBP/Blueprints/TopDownCharacter.TopDownCharacter_C:ExecuteUbergraph_TopDownCharacter
[2018.05.08-18.09.55:924][  0]LogUObjectGlobals: Destroyed PersistentFrame Addr=0x0000019daad4b800, Size=984
[2018.05.08-18.09.55:924][  0]LogUObjectGlobals: Created PersistentFrame Addr=0x0000019daad4b800, Size=984, Default__TopDownCharacter_C Function /Engine/Transient.REINST_TopDownCharacter_C_4:ExecuteUbergraph_TopDownCharacter
[2018.05.08-18.09.55:932][  0]LogUObjectGlobals: Created PersistentFrame Addr=0x0000019daad4ac00, Size=992, Default__TopDownCharacter_C Function /Game/TopDownBP/Blueprints/TopDownCharacter.TopDownCharacter_C:ExecuteUbergraph_TopDownCharacter
[2018.05.08-18.09.56:135][  0]LogUObjectGlobals: Created PersistentFrame Addr=0x0000019daacb6400, Size=512, Default__TopDownController_C Function /Game/TopDownBP/Blueprints/TopDownController.TopDownController_C:ExecuteUbergraph_TopDownController
[2018.05.08-18.09.56:154][  0]LogUObjectGlobals: Destroyed PersistentFrame Addr=0x0000019daacb6400, Size=512
[2018.05.08-18.09.56:154][  0]LogUObjectGlobals: Created PersistentFrame Addr=0x0000019daacb6400, Size=512, Default__TopDownController_C Function /Engine/Transient.REINST_TopDownController_C_8:ExecuteUbergraph_TopDownController
[2018.05.08-18.09.56:167][  0]LogUObjectGlobals: Created PersistentFrame Addr=0x0000019daacb5800, Size=504, Default__TopDownController_C Function /Game/TopDownBP/Blueprints/TopDownController.TopDownController_C:ExecuteUbergraph_TopDownController
[2018.05.08-18.09.57:234][  0]LogSkeletalMesh: Skeletal Mesh found in DDC [14.958726ms] /Game/Mannequin/Character/Mesh/SK_Mannequin.SK_Mannequin
[2018.05.08-18.09.57:365][  0]LogAIModule: Creating AISystem for world TopDownExampleMap
[2018.05.08-18.09.57:383][  0]LogEditorServer: Finished looking for orphan Actors (0.000 secs)
[2018.05.08-18.09.57:399][  0]LogUObjectGlobals: Destroyed PersistentFrame Addr=0x0000019daac0a900, Size=64
[2018.05.08-18.09.57:400][  0]LogUObjectGlobals: Destroyed PersistentFrame Addr=0x0000019daad4b800, Size=984
[2018.05.08-18.09.57:400][  0]LogUObjectGlobals: Destroyed PersistentFrame Addr=0x0000019daacb6400, Size=512
[2018.05.08-18.09.57:401][  0]Cmd: MAP CHECKDEP NOCLEARLOG
[2018.05.08-18.09.57:491][  0]MapCheck: Map check complete: 0 Error(s), 0 Warning(s), took 89,495ms to complete.
[2018.05.08-18.09.57:491][  0]LogFileHelpers: Loading map 'TopDownExampleMap' took 1.966
[2018.05.08-18.09.57:754][  0]LogCollectionManager: Loaded 0 collections in 0.001452 seconds
[2018.05.08-18.09.57:830][  0]LogFileCache: Scanning file cache for directory 'C:/Users/Max/Documents/GitHub/0neDay/OneDay/Saved/Collections/' took 0.01s
[2018.05.08-18.09.57:830][  0]LogFileCache: Scanning file cache for directory 'C:/Users/Max/Documents/GitHub/0neDay/OneDay/Content/Developers/Max/Collections/' took 0.01s
[2018.05.08-18.09.57:831][  0]LogFileCache: Scanning file cache for directory 'C:/Users/Max/Documents/GitHub/0neDay/OneDay/Content/Collections/' took 0.01s
[2018.05.08-18.09.57:831][  0]LogCollectionManager: Rebuilt the GUID cache for 0 collections in 0.000001 seconds
[2018.05.08-18.09.57:846][  0]LogContentBrowser: Native class hierarchy populated in 0.0153 seconds. Added 2452 classes and 558 folders.
[2018.05.08-18.09.57:854][  0]LogContentBrowser: Native class hierarchy updated for 'WidgetCarousel' in 0.0003 seconds. Added 0 classes and 0 folders.
[2018.05.08-18.09.59:563][  0]LogContentBrowser: Native class hierarchy updated for 'AddContentDialog' in 0.0003 seconds. Added 0 classes and 0 folders.
[2018.05.08-18.09.59:569][  0]LogContentBrowser: Native class hierarchy updated for 'SceneOutliner' in 0.0003 seconds. Added 1 classes and 2 folders.
[2018.05.08-18.09.59:608][  0]LogSlate: Took 0.000468 seconds to synchronously load lazily loaded font '../../../Engine/Content/Slate/Fonts/Roboto-Regular.ttf' (155K)
[2018.05.08-18.09.59:672][  0]LogSlate: Took 0.060905 seconds to synchronously load lazily loaded font '../../../Engine/Content/Slate/Fonts/Roboto-Bold.ttf' (160K)
[2018.05.08-18.09.59:786][  0]LogSlate: Took 0.105086 seconds to synchronously load lazily loaded font '../../../Engine/Content/Editor/Slate/Fonts/FontAwesome.ttf' (139K)
[2018.05.08-18.09.59:998][  0]LogRenderer: Reallocating scene render targets to support 1208x576 Format 10 NumSamples 1 (Frame:1).
[2018.05.08-18.10.00:367][  0]LogContentBrowser: Native class hierarchy updated for 'HierarchicalLODOutliner' in 0.0003 seconds. Added 0 classes and 0 folders.
[2018.05.08-18.10.00:367][  0]LogLoad: (Engine Initialization) Total time: 73.20 seconds
[2018.05.08-18.10.00:367][  0]LogLoad: (Engine Initialization) Total Blueprint compile time: 0.00 seconds
[2018.05.08-18.10.00:399][  0]LogContentStreaming: Texture pool size now 1000 MB
[2018.05.08-18.10.00:536][  0]LogSlate: Took 0.000258 seconds to synchronously load lazily loaded font '../../../Engine/Content/Slate/Fonts/Roboto-Light.ttf' (167K)
[2018.05.08-18.10.01:420][ 33]LogSlate: Took 0.000757 seconds to synchronously load lazily loaded font '../../../Engine/Content/Slate/Fonts/Roboto-Light.ttf' (167K)
[2018.05.08-18.10.09:194][673]LogAssetRegistry: Asset discovery search completed in 62.5327 seconds
[2018.05.08-18.10.09:196][673]LogCollectionManager: Rebuilt the object cache for 0 collections in 0.000000 seconds (found 0 objects)
[2018.05.08-18.10.09:196][673]LogCollectionManager: Fixed up redirectors for 0 collections in 0.000070 seconds (updated 0 objects)
[2018.05.08-18.10.27:312][  2]LogSlate: FSceneViewport::OnFocusLost() reason 0
[2018.05.08-18.10.30:899][324]LogSlate: FSceneViewport::OnFocusLost() reason 2
[2018.05.08-18.10.33:634][572]LogSlate: FSceneViewport::OnFocusLost() reason 2
[2018.05.08-18.10.35:928][572]LogSlate: Window 'New Level' being destroyed
[2018.05.08-18.10.35:952][572]Cmd: MAP LOAD FILE="../../../Engine/Content/Maps/Templates/Template_Default.umap" TEMPLATE=1 SHOWPROGRESS=1 FEATURELEVEL=3
[2018.05.08-18.10.36:011][572]LogSlate: FSceneViewport::OnFocusLost() reason 2
[2018.05.08-18.10.36:029][572]LightingResults: New page: Lighting Build
[2018.05.08-18.10.36:032][572]LoadErrors: New page: Loading map: Template_Default.umap
[2018.05.08-18.10.36:035][572]MapCheck: New page: Map Check
[2018.05.08-18.10.36:035][572]LightingResults: New page: Lighting Build
[2018.05.08-18.10.36:358][572]LogAIModule: Creating AISystem for world Untitled_1
[2018.05.08-18.10.36:372][572]LogEditorServer: Finished looking for orphan Actors (0.000 secs)
[2018.05.08-18.10.36:403][572]Cmd: MAP CHECKDEP NOCLEARLOG
[2018.05.08-18.10.36:487][572]MapCheck: Map check complete: 0 Error(s), 0 Warning(s), took 83,724ms to complete.
[2018.05.08-18.10.36:487][572]LogFileHelpers: Loading map 'Template_Default' took 0.539
[2018.05.08-18.10.40:665][896]LogSlate: FSceneViewport::OnFocusLost() reason 0
[2018.05.08-18.10.46:189][351]LogSlate: FSceneViewport::OnFocusLost() reason 0
[2018.05.08-18.10.48:286][524]Cmd: BRUSH ADD SELECTNEWBRUSH
[2018.05.08-18.10.49:326][592]LogSlate: FSceneViewport::OnFocusLost() reason 0
[2018.05.08-18.10.50:733][679]Cmd: BRUSH ADD SELECTNEWBRUSH
[2018.05.08-18.10.55:172][974]LogSlate: FSceneViewport::OnFocusLost() reason 0
[2018.05.08-18.10.56:197][ 34]Cmd: BRUSH ADD SELECTNEWBRUSH
[2018.05.08-18.11.00:126][299]LogSlate: FSceneViewport::OnFocusLost() reason 0
[2018.05.08-18.11.04:308][309]LogSlate: Window 'Save Content' being destroyed
[2018.05.08-18.11.04:356][309]LogSlate: FSceneViewport::OnFocusLost() reason 2
[2018.05.08-18.11.15:311][309]LogSlate: Window 'Save Level As' being destroyed
[2018.05.08-18.11.15:489][309]Cmd: OBJ SAVEPACKAGE PACKAGE="/Game/map1488" FILE="../../../../../../Users/Max/Documents/GitHub/0neDay/OneDay/Content/map1488.umap" SILENT=true AUTOSAVING=false KEEPDIRTY=false
[2018.05.08-18.11.15:572][309]LogSavePackage: Save=56.97ms
[2018.05.08-18.11.15:572][309]LogSavePackage: Moving '../../../../../../Users/Max/Documents/GitHub/0neDay/OneDay/Saved/map1488C41D36094E593382A571B2877F04A3C1.tmp' to '../../../../../../Users/Max/Documents/GitHub/0neDay/OneDay/Content/map1488.umap'
[2018.05.08-18.11.15:578][309]LogSavePackage: Display: Finished SavePackage ../../../../../../Users/Max/Documents/GitHub/0neDay/OneDay/Content/map1488.umap
[2018.05.08-18.11.15:624][309]LogFileHelpers: Saving map 'map1488' took 0.235
[2018.05.08-18.11.20:236][620]LogSlate: FSceneViewport::OnFocusLost() reason 0
[2018.05.08-18.11.24:117][896]LogSlate: FSceneViewport::OnFocusLost() reason 0
[2018.05.08-18.16.54:179][233]LogSlate: FSceneViewport::OnFocusLost() reason 0
[2018.05.08-18.16.55:009][285]Cmd: BRUSH ADD SELECTNEWBRUSH
[2018.05.08-18.17.15:519][756]LogSlate: FSceneViewport::OnFocusLost() reason 0
[2018.05.08-18.17.32:628][736]LogSlate: FSceneViewport::OnFocusLost() reason 0
[2018.05.08-18.17.34:445][746]LogSlate: Window 'Save Content' being destroyed
[2018.05.08-18.17.34:461][746]LogSlate: FSceneViewport::OnFocusLost() reason 2
[2018.05.08-18.17.34:625][746]Cmd: OBJ SAVEPACKAGE PACKAGE="/Game/map1488" FILE="../../../../../../Users/Max/Documents/GitHub/0neDay/OneDay/Content/map1488.umap" SILENT=true AUTOSAVING=false KEEPDIRTY=false
[2018.05.08-18.17.35:009][746]LogSavePackage: Save=340.66ms
[2018.05.08-18.17.35:009][746]LogSavePackage: Moving '../../../../../../Users/Max/Documents/GitHub/0neDay/OneDay/Saved/map1488ED65852D4EEA084CF2C3C0AF09365D45.tmp' to '../../../../../../Users/Max/Documents/GitHub/0neDay/OneDay/Content/map1488.umap'
[2018.05.08-18.17.35:015][746]LogSavePackage: Display: Finished SavePackage ../../../../../../Users/Max/Documents/GitHub/0neDay/OneDay/Content/map1488.umap
[2018.05.08-18.17.35:040][746]LogFileHelpers: Saving map 'map1488' took 0.574
[2018.05.08-18.18.15:004][916]LogWindowsTextInputMethodSystem: Display: IME system now deactivated.
[2018.05.08-18.18.15:004][916]LogWindowsTextInputMethodSystem: Display: IME system now deactivated.
[2018.05.08-18.19.23:824][723]LogEditorViewport: Clicking on Actor (LMB): StaticMeshActor (Floor)
[2018.05.08-18.19.45:128][142]LogSlate: FSceneViewport::OnFocusLost() reason 0
[2018.05.08-18.20.10:744][750]LogEditorViewport: Clicking on Actor (LMB): StaticMeshActor (Floor)
[2018.05.08-18.20.10:875][751]LogEditorViewport: Clicking on Component (LMB): StaticMeshComponent (StaticMeshComponent0)
[2018.05.08-18.20.11:711][802]LogEditorViewport: Clicking on Actor (LMB): Character (Character)
[2018.05.08-18.20.12:751][864]LogEditorViewport: Clicking on Actor (LMB): StaticMeshActor (Floor)
[2018.05.08-18.20.14:659][985]LogSlate: FSceneViewport::OnFocusLost() reason 0
[2018.05.08-18.20.14:759][993]LogTemp: Repeating last play command: Selected Viewport
[2018.05.08-18.20.14:782][993]LogPlayLevel: PlayLevel: No blueprints needed recompiling
[2018.05.08-18.20.14:783][993]PIE: New page: PIE session: map1488 (9 мая 2018 г., 0:20:14)
[2018.05.08-18.20.14:783][993]LogPlayLevel: Creating play world package: /Game/UEDPIE_0_map1488
[2018.05.08-18.20.14:831][993]LogPlayLevel: PIE: StaticDuplicateObject took: (0.048073s)
[2018.05.08-18.20.14:831][993]LogAIModule: Creating AISystem for world map1488
[2018.05.08-18.20.14:832][993]LogPlayLevel: PIE: World Init took: (0.000990s)
[2018.05.08-18.20.14:832][993]LogPlayLevel: PIE: Created PIE world by copying editor world from /Game/map1488.map1488 to /Game/UEDPIE_0_map1488.map1488 (0.049255s)
[2018.05.08-18.20.14:854][993]LogInit: XAudio2 using 'Динамики (Realtek High Definition Audio)' : 2 channels at 48 kHz using 16 bits per sample (channel mask 0x3)
[2018.05.08-18.20.14:909][993]LogInit: FAudioDevice initialized.
[2018.05.08-18.20.14:958][993]LogLoad: Game class is 'TopDownGameMode_C'
[2018.05.08-18.20.14:963][993]LogWorld: Bringing World /Game/UEDPIE_0_map1488.map1488 up for play (max tick rate 0) at 2018.05.08-21.20.14
[2018.05.08-18.20.15:092][993]LogWorld: Bringing up level for play took: 0.131612
[2018.05.08-18.20.15:158][993]LogContentBrowser: Native class hierarchy updated for 'MovieSceneCapture' in 0.0005 seconds. Added 11 classes and 0 folders.
[2018.05.08-18.20.15:200][993]PIE: Play in editor start time for /Game/UEDPIE_0_map1488 0,35
[2018.05.08-18.20.19:363][330]LogSlate: FSceneViewport::OnFocusLost() reason 0
[2018.05.08-18.20.38:842][376]LogSlate: FSceneViewport::OnFocusLost() reason 0
[2018.05.08-18.20.38:953][386]LogTemp: Repeating last play command: Selected Viewport
[2018.05.08-18.20.38:976][386]LogPlayLevel: PlayLevel: No blueprints needed recompiling
[2018.05.08-18.20.38:976][386]PIE: New page: PIE session: map1488 (9 мая 2018 г., 0:20:38)
[2018.05.08-18.20.38:977][386]LogPlayLevel: Creating play world package: /Game/UEDPIE_0_map1488
[2018.05.08-18.20.39:022][386]LogPlayLevel: PIE: StaticDuplicateObject took: (0.045814s)
[2018.05.08-18.20.39:024][386]LogAIModule: Creating AISystem for world map1488
[2018.05.08-18.20.39:027][386]LogPlayLevel: PIE: World Init took: (0.004062s)
[2018.05.08-18.20.39:027][386]LogPlayLevel: PIE: Created PIE world by copying editor world from /Game/map1488.map1488 to /Game/UEDPIE_0_map1488.map1488 (0.050314s)
[2018.05.08-18.20.39:048][386]LogInit: XAudio2 using 'Динамики (Realtek High Definition Audio)' : 2 channels at 48 kHz using 16 bits per sample (channel mask 0x3)
[2018.05.08-18.20.39:104][386]LogInit: FAudioDevice initialized.
[2018.05.08-18.20.39:139][386]LogLoad: Game class is 'TopDownGameMode_C'
[2018.05.08-18.20.39:142][386]LogWorld: Bringing World /Game/UEDPIE_0_map1488.map1488 up for play (max tick rate 0) at 2018.05.08-21.20.39
[2018.05.08-18.20.39:142][386]LogWorld: Bringing up level for play took: 0.002841
[2018.05.08-18.20.39:146][386]PIE: Play in editor start time for /Game/UEDPIE_0_map1488 0,295
[2018.05.08-18.20.44:742][872]LogSlate: FSceneViewport::OnFocusLost() reason 0
[2018.05.08-18.23.50:022][ 17]LogSlate: FSceneViewport::OnFocusLost() reason 0
[2018.05.08-18.23.51:528][ 22]LogSlate: Window 'Save Content' being destroyed
[2018.05.08-18.23.51:547][ 22]LogSlate: FSceneViewport::OnFocusLost() reason 2
[2018.05.08-18.23.51:641][ 22]Cmd: OBJ SAVEPACKAGE PACKAGE="/Game/map1488" FILE="../../../../../../Users/Max/Documents/GitHub/0neDay/OneDay/Content/map1488.umap" SILENT=true AUTOSAVING=false KEEPDIRTY=false
[2018.05.08-18.23.52:005][ 22]LogSavePackage: Save=327.99ms
[2018.05.08-18.23.52:005][ 22]LogSavePackage: Moving '../../../../../../Users/Max/Documents/GitHub/0neDay/OneDay/Saved/map148838932DD74E93CC485E6ABC954141DB91.tmp' to '../../../../../../Users/Max/Documents/GitHub/0neDay/OneDay/Content/map1488.umap'
[2018.05.08-18.23.52:012][ 22]LogSavePackage: Display: Finished SavePackage ../../../../../../Users/Max/Documents/GitHub/0neDay/OneDay/Content/map1488.umap
[2018.05.08-18.23.52:046][ 22]LogFileHelpers: Saving map 'map1488' took 0.494
[2018.05.08-18.24.06:292][791]LogSlate: FSceneViewport::OnFocusLost() reason 0
[2018.05.08-18.24.06:446][801]LogSlate: Window 'OneDay - Unreal Editor' being destroyed
[2018.05.08-18.24.06:650][802]Cmd: QUIT_EDITOR
[2018.05.08-18.24.07:493][802]LogWindowsTextInputMethodSystem: Display: IME system now deactivated.
[2018.05.08-18.24.07:516][802]LogSlate: Slate User Destroyed.  User Index 0, Is Virtual User: 0
[2018.05.08-18.24.07:516][802]LogExit: Preparing to exit.
[2018.05.08-18.24.07:731][802]LogDirectoryWatcher: A directory notification for 'C:/Users/Max/Documents/GitHub/0neDay/OneDay/Content/' was aborted.
[2018.05.08-18.24.07:751][802]LogExit: Editor shut down
[2018.05.08-18.24.07:761][802]LogExit: Transaction tracking system shut down
[2018.05.08-18.24.07:762][802]LogUObjectGlobals: Destroyed PersistentFrame Addr=0x0000019db19d3f10, Size=72
[2018.05.08-18.24.07:762][802]LogUObjectGlobals: Destroyed PersistentFrame Addr=0x0000019daad4ac00, Size=992
[2018.05.08-18.24.07:762][802]LogUObjectGlobals: Destroyed PersistentFrame Addr=0x0000019daacb5800, Size=504
[2018.05.08-18.24.07:931][802]LogDirectoryWatcher: A directory notification for '../../../Engine/Content/' was aborted.
[2018.05.08-18.24.07:931][802]LogDirectoryWatcher: A directory notification for '../../../../../../Users/Max/Documents/GitHub/0neDay/OneDay/Content/' was aborted.
[2018.05.08-18.24.07:931][802]LogDirectoryWatcher: A directory notification for '../../Plugins/2D/Paper2D/Content/' was aborted.
[2018.05.08-18.24.07:931][802]LogDirectoryWatcher: A directory notification for '../../Plugins/Enterprise/DatasmithContent/Content/' was aborted.
[2018.05.08-18.24.07:931][802]LogDirectoryWatcher: A directory notification for '../../Plugins/Media/MediaCompositing/Content/' was aborted.
[2018.05.08-18.24.07:931][802]LogDirectoryWatcher: A directory notification for '../../Plugins/Runtime/AppleARKit/Content/' was aborted.
[2018.05.08-18.24.07:931][802]LogDirectoryWatcher: A directory notification for '../../Plugins/Runtime/Oculus/OculusVR/Content/' was aborted.
[2018.05.08-18.24.07:931][802]LogDirectoryWatcher: A directory notification for '../../Plugins/Runtime/Steam/SteamVR/Content/' was aborted.
[2018.05.08-18.24.08:003][802]LogExit: Object subsystem successfully closed.
[2018.05.08-18.24.08:015][802]LogShaderCompilers: Display: Shaders left to compile 0
[2018.05.08-18.24.08:019][802]LogD3D11RHI: Shutdown
[2018.05.08-18.24.08:019][802]LogD3D11RHI: CleanupD3DDevice
[2018.05.08-18.24.08:023][802]LogD3D11RHI: ~FD3D11DynamicRHI
[2018.05.08-18.24.08:064][802]LogModuleManager: Shutting down and abandoning module MovieSceneCapture (580)
[2018.05.08-18.24.08:064][802]LogModuleManager: Shutting down and abandoning module HierarchicalLODUtilities (578)
[2018.05.08-18.24.08:064][802]LogModuleManager: Shutting down and abandoning module NewLevelDialog (576)
[2018.05.08-18.24.08:064][802]LogModuleManager: Shutting down and abandoning module HierarchicalLODOutliner (574)
[2018.05.08-18.24.08:064][802]LogModuleManager: Shutting down and abandoning module SceneOutliner (572)
[2018.05.08-18.24.08:064][802]LogModuleManager: Shutting down and abandoning module AddContentDialog (570)
[2018.05.08-18.24.08:064][802]LogDirectoryWatcher: A directory notification for 'C:/Program Files/Epic Games/UE_4.19/FeaturePacks/' was aborted.
[2018.05.08-18.24.08:065][802]LogModuleManager: Shutting down and abandoning module WidgetCarousel (569)
[2018.05.08-18.24.08:065][802]LogModuleManager: Shutting down and abandoning module EditorWidgets (566)
[2018.05.08-18.24.08:065][802]LogModuleManager: Shutting down and abandoning module CollectionManager (564)
[2018.05.08-18.24.08:065][802]LogDirectoryWatcher: A directory notification for 'C:/Users/Max/Documents/GitHub/0neDay/OneDay/Content/Collections/' was aborted.
[2018.05.08-18.24.08:065][802]LogDirectoryWatcher: A directory notification for 'C:/Users/Max/Documents/GitHub/0neDay/OneDay/Content/Developers/Max/Collections/' was aborted.
[2018.05.08-18.24.08:065][802]LogDirectoryWatcher: A directory notification for 'C:/Users/Max/Documents/GitHub/0neDay/OneDay/Saved/Collections/' was aborted.
[2018.05.08-18.24.08:065][802]LogModuleManager: Shutting down and abandoning module StatsViewer (562)
[2018.05.08-18.24.08:065][802]LogModuleManager: Shutting down and abandoning module FoliageEdit (560)
[2018.05.08-18.24.08:065][802]LogModuleManager: Shutting down and abandoning module LandscapeEditor (558)
[2018.05.08-18.24.08:065][802]LogModuleManager: Shutting down and abandoning module MeshPaintMode (556)
[2018.05.08-18.24.08:066][802]LogModuleManager: Shutting down and abandoning module SceneDepthPickerMode (554)
[2018.05.08-18.24.08:066][802]LogModuleManager: Shutting down and abandoning module ActorPickerMode (552)
[2018.05.08-18.24.08:066][802]LogModuleManager: Shutting down and abandoning module GeometryMode (550)
[2018.05.08-18.24.08:066][802]LogModuleManager: Shutting down and abandoning module TextureAlignMode (548)
[2018.05.08-18.24.08:066][802]LogModuleManager: Shutting down and abandoning module BspMode (546)
[2018.05.08-18.24.08:066][802]LogModuleManager: Shutting down and abandoning module PIEPreviewDeviceProfileSelector (544)
[2018.05.08-18.24.08:066][802]LogModuleManager: Shutting down and abandoning module HardwareSurvey (542)
[2018.05.08-18.24.08:066][802]LogModuleManager: Shutting down and abandoning module SequenceRecorderSections (540)
[2018.05.08-18.24.08:066][802]LogModuleManager: Shutting down and abandoning module AutomationWorker (538)
[2018.05.08-18.24.08:066][802]LogModuleManager: Shutting down and abandoning module AudioCaptureEditor (536)
[2018.05.08-18.24.08:066][802]LogModuleManager: Shutting down and abandoning module SequenceRecorder (535)
[2018.05.08-18.24.08:066][802]LogModuleManager: Shutting down and abandoning module MatineeToLevelSequence (532)
[2018.05.08-18.24.08:066][802]LogModuleManager: Shutting down and abandoning module LevelSequenceEditor (530)
[2018.05.08-18.24.08:066][802]LogModuleManager: Shutting down and abandoning module PlacementMode (529)
[2018.05.08-18.24.08:066][802]LogModuleManager: Shutting down and abandoning module MaterialEditor (528)
[2018.05.08-18.24.08:066][802]LogModuleManager: Shutting down and abandoning module WmfMediaFactory (524)
[2018.05.08-18.24.08:066][802]LogModuleManager: Shutting down and abandoning module WmfMediaEditor (522)
[2018.05.08-18.24.08:066][802]LogModuleManager: Shutting down and abandoning module MediaPlayerEditor (520)
[2018.05.08-18.24.08:066][802]LogModuleManager: Shutting down and abandoning module OpenExrWrapper (518)
[2018.05.08-18.24.08:066][802]LogModuleManager: Shutting down and abandoning module ImgMediaFactory (516)
[2018.05.08-18.24.08:066][802]LogModuleManager: Shutting down and abandoning module ImgMediaEditor (514)
[2018.05.08-18.24.08:066][802]LogModuleManager: Shutting down and abandoning module AvfMediaFactory (512)
[2018.05.08-18.24.08:066][802]LogModuleManager: Shutting down and abandoning module AvfMediaEditor (510)
[2018.05.08-18.24.08:066][802]LogModuleManager: Shutting down and abandoning module AndroidMediaFactory (508)
[2018.05.08-18.24.08:066][802]LogModuleManager: Shutting down and abandoning module AndroidMediaEditor (506)
[2018.05.08-18.24.08:066][802]LogModuleManager: Shutting down and abandoning module CharacterAI (504)
[2018.05.08-18.24.08:066][802]LogModuleManager: Shutting down and abandoning module SmartSnapping (502)
[2018.05.08-18.24.08:066][802]LogModuleManager: Shutting down and abandoning module SessionServices (500)
[2018.05.08-18.24.08:066][802]LogModuleManager: Shutting down and abandoning module ViewportSnapping (498)
[2018.05.08-18.24.08:066][802]LogModuleManager: Shutting down and abandoning module ViewportInteraction (496)
[2018.05.08-18.24.08:066][802]LogModuleManager: Shutting down and abandoning module ClothPainter (494)
[2018.05.08-18.24.08:066][802]LogModuleManager: Shutting down and abandoning module SkeletalMeshEditor (493)
[2018.05.08-18.24.08:067][802]LogModuleManager: Shutting down and abandoning module LogVisualizer (490)
[2018.05.08-18.24.08:067][802]LogModuleManager: Shutting down and abandoning module IntroTutorials (488)
[2018.05.08-18.24.08:067][802]LogModuleManager: Shutting down and abandoning module GameProjectGeneration (487)
[2018.05.08-18.24.08:067][802]LogModuleManager: Shutting down and abandoning module IOSPlatformEditor (484)
[2018.05.08-18.24.08:067][802]LogModuleManager: Shutting down and abandoning module HTML5PlatformEditor (482)
[2018.05.08-18.24.08:067][802]LogModuleManager: Shutting down and abandoning module AndroidPlatformEditor (480)
[2018.05.08-18.24.08:067][802]LogModuleManager: Shutting down and abandoning module AndroidDeviceDetection (479)
[2018.05.08-18.24.08:841][802]LogModuleManager: Shutting down and abandoning module WindowsPlatformEditor (476)
[2018.05.08-18.24.08:841][802]LogModuleManager: Shutting down and abandoning module IOSRuntimeSettings (474)
[2018.05.08-18.24.08:841][802]LogModuleManager: Shutting down and abandoning module AndroidRuntimeSettings (472)
[2018.05.08-18.24.08:841][802]LogModuleManager: Shutting down and abandoning module InputBindingEditor (470)
[2018.05.08-18.24.08:841][802]LogModuleManager: Shutting down and abandoning module MergeActors (468)
[2018.05.08-18.24.08:842][802]LogModuleManager: Shutting down and abandoning module LocalizationDashboard (466)
[2018.05.08-18.24.08:842][802]LogModuleManager: Shutting down and abandoning module LocalizationService (465)
[2018.05.08-18.24.08:842][802]LogModuleManager: Shutting down and abandoning module HardwareTargeting (462)
[2018.05.08-18.24.08:842][802]LogModuleManager: Shutting down and abandoning module DeviceProfileEditor (460)
[2018.05.08-18.24.08:842][802]LogModuleManager: Shutting down and abandoning module UndoHistory (458)
[2018.05.08-18.24.08:842][802]LogModuleManager: Shutting down and abandoning module XmlParser (456)
[2018.05.08-18.24.08:842][802]LogModuleManager: Shutting down and abandoning module Blutility (454)
[2018.05.08-18.24.08:842][802]LogModuleManager: Shutting down and abandoning module ProjectSettingsViewer (452)
[2018.05.08-18.24.08:842][802]LogModuleManager: Shutting down and abandoning module ProjectTargetPlatformEditor (451)
[2018.05.08-18.24.08:842][802]LogModuleManager: Shutting down and abandoning module EditorSettingsViewer (448)
[2018.05.08-18.24.08:842][802]LogModuleManager: Shutting down and abandoning module SettingsEditor (446)
[2018.05.08-18.24.08:842][802]LogModuleManager: Shutting down and abandoning module ProjectLauncher (444)
[2018.05.08-18.24.08:842][802]LogModuleManager: Shutting down and abandoning module SessionFrontend (442)
[2018.05.08-18.24.08:842][802]LogModuleManager: Shutting down and abandoning module ProfilerClient (440)
[2018.05.08-18.24.08:842][802]LogModuleManager: Shutting down and abandoning module DeviceManager (438)
[2018.05.08-18.24.08:842][802]LogModuleManager: Shutting down and abandoning module TargetDeviceServices (437)
[2018.05.08-18.24.08:907][802]LogModuleManager: Shutting down and abandoning module AutomationController (434)
[2018.05.08-18.24.08:907][802]LogModuleManager: Shutting down and abandoning module AutomationWindow (432)
[2018.05.08-18.24.08:907][802]LogModuleManager: Shutting down and abandoning module Layers (430)
[2018.05.08-18.24.08:907][802]LogModuleManager: Shutting down and abandoning module ComponentVisualizers (428)
[2018.05.08-18.24.08:907][802]LogModuleManager: Shutting down and abandoning module DetailCustomizations (426)
[2018.05.08-18.24.08:907][802]LogModuleManager: Shutting down and abandoning module PackagesDialog (424)
[2018.05.08-18.24.08:907][802]LogModuleManager: Shutting down and abandoning module Persona (422)
[2018.05.08-18.24.08:907][802]LogModuleManager: Shutting down and abandoning module AdvancedPreviewScene (421)
[2018.05.08-18.24.08:907][802]LogModuleManager: Shutting down and abandoning module AnimGraph (419)
[2018.05.08-18.24.08:907][802]LogModuleManager: Shutting down and abandoning module Kismet (416)
[2018.05.08-18.24.08:908][802]LogModuleManager: Shutting down and abandoning module GraphEditor (414)
[2018.05.08-18.24.08:908][802]LogModuleManager: Shutting down and abandoning module ClassViewer (412)
[2018.05.08-18.24.08:908][802]LogModuleManager: Shutting down and abandoning module Toolbox (410)
[2018.05.08-18.24.08:908][802]LogModuleManager: Shutting down and abandoning module ModuleUI (408)
[2018.05.08-18.24.08:908][802]LogModuleManager: Shutting down and abandoning module MovieSceneTools (406)
[2018.05.08-18.24.08:908][802]LogModuleManager: Shutting down and abandoning module OutputLog (404)
[2018.05.08-18.24.08:908][802]LogModuleManager: Shutting down and abandoning module GammaUI (402)
[2018.05.08-18.24.08:908][802]LogModuleManager: Shutting down and abandoning module Documentation (400)
[2018.05.08-18.24.08:908][802]LogModuleManager: Shutting down and abandoning module MovieSceneTracks (398)
[2018.05.08-18.24.08:908][802]LogModuleManager: Shutting down and abandoning module MovieScene (396)
[2018.05.08-18.24.08:908][802]LogModuleManager: Shutting down and abandoning module StreamingPauseRendering (394)
[2018.05.08-18.24.08:908][802]LogModuleManager: Shutting down and abandoning module LauncherPlatform (392)
[2018.05.08-18.24.08:908][802]LogModuleManager: Shutting down and abandoning module AnalyticsET (390)
[2018.05.08-18.24.08:908][802]LogModuleManager: Shutting down and abandoning module PortalServices (388)
[2018.05.08-18.24.08:908][802]LogModuleManager: Shutting down and abandoning module PortalRpc (386)
[2018.05.08-18.24.08:908][802]LogModuleManager: Shutting down and abandoning module MessagingRpc (384)
[2018.05.08-18.24.08:908][802]LogModuleManager: Shutting down and abandoning module AIModule (382)
[2018.05.08-18.24.08:908][802]LogModuleManager: Shutting down and abandoning module GameplayDebugger (381)
[2018.05.08-18.24.08:908][802]LogModuleManager: Shutting down and abandoning module AITestSuite (379)
[2018.05.08-18.24.08:908][802]LogModuleManager: Shutting down and abandoning module DesktopPlatform (376)
[2018.05.08-18.24.08:908][802]LogModuleManager: Shutting down and abandoning module ProfilerService (374)
[2018.05.08-18.24.08:934][802]LogModuleManager: Shutting down and abandoning module TaskGraph (372)
[2018.05.08-18.24.08:934][802]LogModuleManager: Shutting down and abandoning module SteamVRController (370)
[2018.05.08-18.24.08:934][802]LogModuleManager: Shutting down and abandoning module ProceduralMeshComponentEditor (368)
[2018.05.08-18.24.08:934][802]LogModuleManager: Shutting down and abandoning module ProceduralMeshComponent (366)
[2018.05.08-18.24.08:934][802]LogModuleManager: Shutting down and abandoning module OculusInput (364)
[2018.05.08-18.24.08:935][802]LogModuleManager: Shutting down and abandoning module MobilePatchingUtils (362)
[2018.05.08-18.24.08:935][802]LogModuleManager: Shutting down and abandoning module CustomMeshComponent (360)
[2018.05.08-18.24.08:935][802]LogModuleManager: Shutting down and abandoning module CableComponent (358)
[2018.05.08-18.24.08:935][802]LogModuleManager: Shutting down and abandoning module AudioCapture (356)
[2018.05.08-18.24.08:935][802]LogModuleManager: Shutting down and abandoning module ArchVisCharacter (354)
[2018.05.08-18.24.08:935][802]LogModuleManager: Shutting down and abandoning module AndroidPermission (352)
[2018.05.08-18.24.08:935][802]LogModuleManager: Shutting down and abandoning module NUTUnrealEngine4 (348)
[2018.05.08-18.24.08:935][802]LogModuleManager: Shutting down and abandoning module NetcodeUnitTest (346)
[2018.05.08-18.24.08:935][802]LogModuleManager: Shutting down and abandoning module MediaCompositingEditor (344)
[2018.05.08-18.24.08:935][802]LogModuleManager: Shutting down and abandoning module MediaCompositing (342)
[2018.05.08-18.24.08:935][802]LogModuleManager: Shutting down and abandoning module LinearTimecode (340)
[2018.05.08-18.24.08:935][802]LogModuleManager: Shutting down and abandoning module ImgMedia (338)
[2018.05.08-18.24.08:939][802]LogModuleManager: Shutting down and abandoning module HTML5Networking (336)
[2018.05.08-18.24.08:939][802]LogModuleManager: Shutting down and abandoning module AlembicImporter (334)
[2018.05.08-18.24.08:939][802]LogModuleManager: Shutting down and abandoning module AlembicLibrary (333)
[2018.05.08-18.24.08:939][802]LogModuleManager: Shutting down and abandoning module GeometryCache (332)
[2018.05.08-18.24.08:939][802]LogModuleManager: Shutting down and abandoning module GeometryCacheEd (331)
[2018.05.08-18.24.08:939][802]LogModuleManager: Shutting down and abandoning module DatasmithContent (326)
[2018.05.08-18.24.08:939][802]LogModuleManager: Shutting down and abandoning module SpeedTreeImporter (324)
[2018.05.08-18.24.08:939][802]LogModuleManager: Shutting down and abandoning module PluginBrowser (322)
[2018.05.08-18.24.08:939][802]LogModuleManager: Shutting down and abandoning module MobileLauncherProfileWizard (320)
[2018.05.08-18.24.08:939][802]LogModuleManager: Shutting down and abandoning module CryptoKeysOpenSSL (318)
[2018.05.08-18.24.08:939][802]LogModuleManager: Shutting down and abandoning module CryptoKeys (316)
[2018.05.08-18.24.08:939][802]LogModuleManager: Shutting down and abandoning module VisualStudioSourceCodeAccess (314)
[2018.05.08-18.24.08:939][802]LogModuleManager: Shutting down and abandoning module VisualStudioCodeSourceCodeAccess (312)
[2018.05.08-18.24.08:939][802]LogModuleManager: Shutting down and abandoning module UObjectPlugin (310)
[2018.05.08-18.24.08:939][802]LogModuleManager: Shutting down and abandoning module SubversionSourceControl (308)
[2018.05.08-18.24.08:939][802]LogModuleManager: Shutting down and abandoning module PerforceSourceControl (306)
[2018.05.08-18.24.08:939][802]LogModuleManager: Shutting down and abandoning module GitSourceControl (304)
[2018.05.08-18.24.08:939][802]LogModuleManager: Shutting down and abandoning module SourceControl (303)
[2018.05.08-18.24.08:939][802]LogModuleManager: Shutting down and abandoning module CLionSourceCodeAccess (300)
[2018.05.08-18.24.08:939][802]LogModuleManager: Shutting down and abandoning module LightPropagationVolumeEditor (298)
[2018.05.08-18.24.08:939][802]LogModuleManager: Shutting down and abandoning module PaperTiledImporter (296)
[2018.05.08-18.24.08:939][802]LogModuleManager: Shutting down and abandoning module PaperSpriteSheetImporter (294)
[2018.05.08-18.24.08:939][802]LogModuleManager: Shutting down and abandoning module Paper2DEditor (292)
[2018.05.08-18.24.08:939][802]LogModuleManager: Shutting down and abandoning module MeshPaint (291)
[2018.05.08-18.24.08:939][802]LogModuleManager: Shutting down and abandoning module RuntimePhysXCooking (288)
[2018.05.08-18.24.08:940][802]LogModuleManager: Shutting down and abandoning module PhysXVehiclesEditor (286)
[2018.05.08-18.24.08:940][802]LogModuleManager: Shutting down and abandoning module PhysXVehicles (284)
[2018.05.08-18.24.08:940][802]LogModuleManager: Shutting down and abandoning module OculusEditor (282)
[2018.05.08-18.24.08:940][802]LogModuleManager: Shutting down and abandoning module LocationServicesBPLibrary (280)
[2018.05.08-18.24.08:940][802]LogModuleManager: Shutting down and abandoning module ImmediatePhysicsEditor (278)
[2018.05.08-18.24.08:940][802]LogModuleManager: Shutting down and abandoning module ImmediatePhysics (276)
[2018.05.08-18.24.08:940][802]LogModuleManager: Shutting down and abandoning module ActorSequence (274)
[2018.05.08-18.24.08:940][802]LogModuleManager: Shutting down and abandoning module UdpMessaging (272)
[2018.05.08-18.24.09:041][802]LogModuleManager: Shutting down and abandoning module TcpMessaging (270)
[2018.05.08-18.24.09:142][802]LogModuleManager: Shutting down and abandoning module GameplayTagsEditor (268)
[2018.05.08-18.24.09:142][802]LogModuleManager: Shutting down and abandoning module FacialAnimationEditor (266)
[2018.05.08-18.24.09:142][802]LogModuleManager: Shutting down and abandoning module FacialAnimation (264)
[2018.05.08-18.24.09:142][802]LogModuleManager: Shutting down and abandoning module DataValidation (262)
[2018.05.08-18.24.09:142][802]LogModuleManager: Shutting down and abandoning module AssetManagerEditor (260)
[2018.05.08-18.24.09:142][802]LogModuleManager: Shutting down and abandoning module LevelEditor (259)
[2018.05.08-18.24.09:143][802]LogModuleManager: Shutting down and abandoning module PixelInspectorModule (258)
[2018.05.08-18.24.09:143][802]LogModuleManager: Shutting down and abandoning module CommonMenuExtensions (256)
[2018.05.08-18.24.09:143][802]LogModuleManager: Shutting down and abandoning module MainFrame (254)
[2018.05.08-18.24.09:143][802]LogModuleManager: Shutting down and abandoning module HotReload (253)
[2018.05.08-18.24.09:144][802]LogModuleManager: Shutting down and abandoning module ContentBrowser (249)
[2018.05.08-18.24.09:146][802]LogModuleManager: Shutting down and abandoning module TreeMap (247)
[2018.05.08-18.24.09:146][802]LogModuleManager: Shutting down and abandoning module LightPropagationVolumeRuntime (244)
[2018.05.08-18.24.09:146][802]LogModuleManager: Shutting down and abandoning module LiveLinkEditor (242)
[2018.05.08-18.24.09:146][802]LogModuleManager: Shutting down and abandoning module LiveLink (240)
[2018.05.08-18.24.09:216][802]LogModuleManager: Shutting down and abandoning module Paper2D (238)
[2018.05.08-18.24.09:216][802]LogModuleManager: Shutting down and abandoning module WindowsMoviePlayer (236)
[2018.05.08-18.24.09:217][802]LogModuleManager: Shutting down and abandoning module WmfMedia (234)
[2018.05.08-18.24.09:218][802]LogModuleManager: Shutting down and abandoning module Media (233)
[2018.05.08-18.24.09:224][802]LogModuleManager: Shutting down and abandoning module PacketHandler (230)
[2018.05.08-18.24.09:224][802]LogModuleManager: Shutting down and abandoning module ClothingSystemEditor (228)
[2018.05.08-18.24.09:224][802]LogModuleManager: Shutting down and abandoning module ClothingSystemRuntime (226)
[2018.05.08-18.24.09:224][802]LogModuleManager: Shutting down and abandoning module MediaAssets (224)
[2018.05.08-18.24.09:224][802]LogModuleManager: Shutting down and abandoning module Overlay (222)
[2018.05.08-18.24.09:224][802]LogModuleManager: Shutting down and abandoning module OverlayEditor (221)
[2018.05.08-18.24.09:225][802]LogModuleManager: Shutting down and abandoning module VREditor (218)
[2018.05.08-18.24.09:225][802]LogModuleManager: Shutting down and abandoning module StringTableEditor (216)
[2018.05.08-18.24.09:225][802]LogModuleManager: Shutting down and abandoning module GameplayTasksEditor (214)
[2018.05.08-18.24.09:225][802]LogModuleManager: Shutting down and abandoning module BehaviorTreeEditor (212)
[2018.05.08-18.24.09:225][802]LogModuleManager: Shutting down and abandoning module FunctionalTesting (210)
[2018.05.08-18.24.09:225][802]LogModuleManager: Shutting down and abandoning module CollisionAnalyzer (208)
[2018.05.08-18.24.09:225][802]LogModuleManager: Shutting down and abandoning module WorkspaceMenuStructure (207)
[2018.05.08-18.24.09:225][802]LogModuleManager: Shutting down and abandoning module UMG (204)
[2018.05.08-18.24.09:225][802]LogModuleManager: Shutting down and abandoning module UMGEditor (203)
[2018.05.08-18.24.09:225][802]LogModuleManager: Shutting down and abandoning module Sequencer (202)
[2018.05.08-18.24.09:225][802]LogModuleManager: Shutting down and abandoning module MessageLog (199)
[2018.05.08-18.24.09:225][802]LogModuleManager: Shutting down and abandoning module SlateReflector (194)
[2018.05.08-18.24.09:225][802]LogModuleManager: Shutting down and abandoning module Slate (192)
[2018.05.08-18.24.09:225][802]LogModuleManager: Shutting down and abandoning module EditorStyle (190)
[2018.05.08-18.24.09:227][802]LogModuleManager: Shutting down and abandoning module MRMesh (188)
[2018.05.08-18.24.09:227][802]LogModuleManager: Shutting down and abandoning module SourceCodeAccess (186)
[2018.05.08-18.24.09:227][802]LogModuleManager: Shutting down and abandoning module HeadMountedDisplay (184)
[2018.05.08-18.24.09:227][802]LogModuleManager: Shutting down and abandoning module XAudio2 (182)
[2018.05.08-18.24.09:227][802]LogModuleManager: Shutting down and abandoning module Networking (180)
[2018.05.08-18.24.09:227][802]LogModuleManager: Shutting down and abandoning module Core (178)
[2018.05.08-18.24.09:227][802]LogModuleManager: Shutting down and abandoning module LevelSequence (176)
[2018.05.08-18.24.09:227][802]LogModuleManager: Shutting down and abandoning module KismetCompiler (174)
[2018.05.08-18.24.09:227][802]LogModuleManager: Shutting down and abandoning module MeshUtilities (172)
[2018.05.08-18.24.09:227][802]LogModuleManager: Shutting down and abandoning module MeshMergeUtilities (171)
[2018.05.08-18.24.09:227][802]LogModuleManager: Shutting down and abandoning module MeshReductionInterface (170)
[2018.05.08-18.24.09:227][802]LogModuleManager: Shutting down and abandoning module SimplygonSwarm (169)
[2018.05.08-18.24.09:227][802]LogModuleManager: Shutting down and abandoning module SimplygonMeshReduction (167)
[2018.05.08-18.24.09:227][802]LogModuleManager: Shutting down and abandoning module QuadricMeshReduction (165)
[2018.05.08-18.24.09:227][802]LogModuleManager: Shutting down and abandoning module MaterialBaking (161)
[2018.05.08-18.24.09:227][802]LogModuleManager: Shutting down and abandoning module DirectoryWatcher (157)
[2018.05.08-18.24.09:229][802]LogModuleManager: Shutting down and abandoning module DerivedDataCache (154)
[2018.05.08-18.24.09:299][802]LogDerivedDataCache: Shutdown
[2018.05.08-18.24.09:299][802]LogModuleManager: Shutting down and abandoning module XGEController (152)
[2018.05.08-18.24.09:299][802]LogModuleManager: Shutting down and abandoning module TargetPlatform (150)
[2018.05.08-18.24.09:299][802]LogModuleManager: Shutting down and abandoning module VulkanShaderFormat (149)
[2018.05.08-18.24.09:300][802]LogModuleManager: Shutting down and abandoning module ShaderFormatVectorVM (147)
[2018.05.08-18.24.09:300][802]LogModuleManager: Shutting down and abandoning module ShaderFormatOpenGL (145)
[2018.05.08-18.24.09:300][802]LogModuleManager: Shutting down and abandoning module ShaderFormatD3D (143)
[2018.05.08-18.24.09:300][802]LogModuleManager: Shutting down and abandoning module MetalShaderFormat (141)
[2018.05.08-18.24.09:300][802]LogModuleManager: Shutting down and abandoning module TextureFormatUncompressed (139)
[2018.05.08-18.24.09:300][802]LogModuleManager: Shutting down and abandoning module TextureFormatPVR (137)
[2018.05.08-18.24.09:300][802]LogModuleManager: Shutting down and abandoning module TextureFormatDXT (135)
[2018.05.08-18.24.09:300][802]LogModuleManager: Shutting down and abandoning module TextureFormatIntelISPCTexComp (133)
[2018.05.08-18.24.09:300][802]LogModuleManager: Shutting down and abandoning module TextureFormatASTC (131)
[2018.05.08-18.24.09:300][802]LogModuleManager: Shutting down and abandoning module ImageWrapper (130)
[2018.05.08-18.24.09:300][802]LogModuleManager: Shutting down and abandoning module TextureFormatAndroid (127)
[2018.05.08-18.24.09:300][802]LogModuleManager: Shutting down and abandoning module AudioFormatOpus (125)
[2018.05.08-18.24.09:300][802]LogModuleManager: Shutting down and abandoning module AudioFormatOgg (123)
[2018.05.08-18.24.09:300][802]LogModuleManager: Shutting down and abandoning module AudioFormatADPCM (121)
[2018.05.08-18.24.09:300][802]LogModuleManager: Shutting down and abandoning module LinuxTargetPlatform (119)
[2018.05.08-18.24.09:300][802]LogModuleManager: Shutting down and abandoning module LinuxServerTargetPlatform (117)
[2018.05.08-18.24.09:300][802]LogModuleManager: Shutting down and abandoning module LinuxNoEditorTargetPlatform (115)
[2018.05.08-18.24.09:300][802]LogModuleManager: Shutting down and abandoning module LinuxClientTargetPlatform (113)
[2018.05.08-18.24.09:300][802]LogModuleManager: Shutting down and abandoning module TVOSTargetPlatform (111)
[2018.05.08-18.24.09:300][802]LogModuleManager: Shutting down and abandoning module Messaging (109)
[2018.05.08-18.24.09:300][802]LogModuleManager: Shutting down and abandoning module IOSTargetPlatform (107)
[2018.05.08-18.24.09:300][802]LogModuleManager: Shutting down and abandoning module HTML5TargetPlatform (105)
[2018.05.08-18.24.09:300][802]LogModuleManager: Shutting down and abandoning module AndroidTargetPlatform (103)
[2018.05.08-18.24.09:300][802]LogModuleManager: Shutting down and abandoning module Android_PVRTCTargetPlatform (101)
[2018.05.08-18.24.09:300][802]LogModuleManager: Shutting down and abandoning module Android_MultiTargetPlatform (99)
[2018.05.08-18.24.09:300][802]LogModuleManager: Shutting down and abandoning module Android_ETC2TargetPlatform (97)
[2018.05.08-18.24.09:300][802]LogModuleManager: Shutting down and abandoning module Android_ETC1TargetPlatform (95)
[2018.05.08-18.24.09:300][802]LogModuleManager: Shutting down and abandoning module Android_ETC1aTargetPlatform (93)
[2018.05.08-18.24.09:300][802]LogModuleManager: Shutting down and abandoning module Android_DXTTargetPlatform (91)
[2018.05.08-18.24.09:300][802]LogModuleManager: Shutting down and abandoning module Android_ATCTargetPlatform (89)
[2018.05.08-18.24.09:300][802]LogModuleManager: Shutting down and abandoning module Android_ASTCTargetPlatform (87)
[2018.05.08-18.24.09:300][802]LogModuleManager: Shutting down and abandoning module WindowsTargetPlatform (85)
[2018.05.08-18.24.09:300][802]LogModuleManager: Shutting down and abandoning module WindowsServerTargetPlatform (83)
[2018.05.08-18.24.09:300][802]LogModuleManager: Shutting down and abandoning module WindowsNoEditorTargetPlatform (81)
[2018.05.08-18.24.09:300][802]LogModuleManager: Shutting down and abandoning module WindowsClientTargetPlatform (79)
[2018.05.08-18.24.09:300][802]LogModuleManager: Shutting down and abandoning module MacTargetPlatform (77)
[2018.05.08-18.24.09:300][802]LogModuleManager: Shutting down and abandoning module MacServerTargetPlatform (75)
[2018.05.08-18.24.09:300][802]LogModuleManager: Shutting down and abandoning module MacNoEditorTargetPlatform (73)
[2018.05.08-18.24.09:301][802]LogModuleManager: Shutting down and abandoning module MacClientTargetPlatform (71)
[2018.05.08-18.24.09:301][802]LogModuleManager: Shutting down and abandoning module AllDesktopTargetPlatform (69)
[2018.05.08-18.24.09:301][802]LogModuleManager: Shutting down and abandoning module InputCore (66)
[2018.05.08-18.24.09:301][802]LogModuleManager: Shutting down and abandoning module Settings (64)
[2018.05.08-18.24.09:301][802]LogModuleManager: Shutting down and abandoning module PhysXCooking (62)
[2018.05.08-18.24.09:301][802]LogModuleManager: Shutting down and abandoning module SteamVR (60)
[2018.05.08-18.24.09:301][802]LogModuleManager: Shutting down and abandoning module OculusHMD (58)
[2018.05.08-18.24.09:301][802]LogModuleManager: Shutting down and abandoning module ExampleDeviceProfileSelector (56)
[2018.05.08-18.24.09:301][802]LogModuleManager: Shutting down and abandoning module AppleARKit (54)
[2018.05.08-18.24.09:301][802]LogModuleManager: Shutting down and abandoning module AugmentedReality (51)
[2018.05.08-18.24.09:301][802]LogModuleManager: Shutting down and abandoning module OnlineBlueprintSupport (48)
[2018.05.08-18.24.09:301][802]LogModuleManager: Shutting down and abandoning module OnlineSubsystem (44)
[2018.05.08-18.24.09:301][802]LogModuleManager: Shutting down and abandoning module XMPP (43)
[2018.05.08-18.24.09:301][802]LogModuleManager: Shutting down and abandoning module HTTP (41)
[2018.05.08-18.24.09:301][802]LogHttp: Display: Http module shutting down, but needs to wait on 1 outstanding Http requests:
[2018.05.08-18.24.09:301][802]LogHttp: Display: 	verb=[POST] url=[https://datarouter.ol.epicgames.com/datarouter/api/v1/public/data?SessionID=%7BB287A45A-4130-A93F-7E92-1DA26B525587%7D&AppID=UEEditor.Rocket.Release&AppVersion=4.19.2-4033788%2B%2B%2BUE4%2BRelease-4.19&UserID=13ff8dcb45c6cc92887f71a51c405fec%7C3a4c5f886aa24920a81049fdbb1ae4f1%7C11245d06-0042-4adb-9fbd-e83b53635057&AppEnvironment=datacollector-binary&UploadType=eteventstream] status=Processing
[2018.05.08-18.24.09:305][802]LogModuleManager: Shutting down and abandoning module SSL (40)
[2018.05.08-18.24.09:306][802]LogModuleManager: Shutting down and abandoning module AnimationModifiers (36)
[2018.05.08-18.24.09:306][802]LogModuleManager: Shutting down and abandoning module PropertyEditor (35)
[2018.05.08-18.24.09:307][802]LogModuleManager: Shutting down and abandoning module AudioEditor (32)
[2018.05.08-18.24.09:307][802]LogModuleManager: Shutting down and abandoning module TextureCompressor (30)
[2018.05.08-18.24.09:307][802]LogModuleManager: Shutting down and abandoning module ShaderCore (28)
[2018.05.08-18.24.09:307][802]LogModuleManager: Shutting down and abandoning module Landscape (26)
[2018.05.08-18.24.09:307][802]LogModuleManager: Shutting down and abandoning module SlateRHIRenderer (24)
[2018.05.08-18.24.09:308][802]LogModuleManager: Shutting down and abandoning module OpenGLDrv (22)
[2018.05.08-18.24.09:308][802]LogModuleManager: Shutting down and abandoning module D3D11RHI (20)
[2018.05.08-18.24.09:308][802]LogModuleManager: Shutting down and abandoning module AnimGraphRuntime (18)
[2018.05.08-18.24.09:308][802]LogModuleManager: Shutting down and abandoning module Renderer (16)
[2018.05.08-18.24.09:308][802]LogModuleManager: Shutting down and abandoning module Engine (14)
[2018.05.08-18.24.09:308][802]LogModuleManager: Shutting down and abandoning module CoreUObject (12)
[2018.05.08-18.24.09:309][802]LogModuleManager: Shutting down and abandoning module NetworkFile (10)
[2018.05.08-18.24.09:309][802]LogModuleManager: Shutting down and abandoning module CookedIterativeFile (8)
[2018.05.08-18.24.09:309][802]LogModuleManager: Shutting down and abandoning module StreamingFile (6)
[2018.05.08-18.24.09:309][802]LogModuleManager: Shutting down and abandoning module SandboxFile (4)
[2018.05.08-18.24.09:309][802]LogModuleManager: Shutting down and abandoning module PakFile (2)
[2018.05.08-18.24.09:313][802]LogExit: Exiting.
[2018.05.08-18.24.09:328][802]Log file closed, 05/08/18 21:24:09
